#
# There is insufficient memory for the Java Runtime Environment to continue.
# Native memory allocation (malloc) failed to allocate 249056 bytes for Chunk::new
# Possible reasons:
#   The system is out of physical RAM or swap space
#   The process is running with CompressedOops enabled, and the Java Heap may be blocking the growth of the native heap
# Possible solutions:
#   Reduce memory load on the system
#   Increase physical memory or swap space
#   Check if swap backing store is full
#   Decrease Java heap size (-Xmx/-Xms)
#   Decrease number of Java threads
#   Decrease Java thread stack sizes (-Xss)
#   Set larger code cache with -XX:ReservedCodeCacheSize=
#   JVM is running with Zero Based Compressed Oops mode in which the Java heap is
#     placed in the first 32GB address space. The Java Heap base address is the
#     maximum limit for the native heap growth. Please use -XX:HeapBaseMinAddress
#     to set the Java Heap base and to place the Java Heap above 32GB virtual address.
# This output file may be truncated or incomplete.
#
#  Out of Memory Error (arena.cpp:189), pid=10980, tid=13464
#
# JRE version: OpenJDK Runtime Environment (17.0.2+8) (build 17.0.2+8-86)
# Java VM: OpenJDK 64-Bit Server VM (17.0.2+8-86, mixed mode, sharing, tiered, compressed oops, compressed class ptrs, g1 gc, windows-amd64)
# No core dump will be written. Minidumps are not enabled by default on client versions of Windows
#

---------------  S U M M A R Y ------------

Command Line: -javaagent:C:\Program Files\JetBrains\IntelliJ IDEA Community Edition 2022.3\lib\idea_rt.jar=57388:C:\Program Files\JetBrains\IntelliJ IDEA Community Edition 2022.3\bin -Dfile.encoding=UTF-8 Main

Host: 11th Gen Intel(R) Core(TM) i5-1135G7 @ 2.40GHz, 8 cores, 11G,  Windows 10 , 64 bit Build 19041 (10.0.19041.3636)
Time: Sun Jan 14 19:20:06 2024  Windows 10 , 64 bit Build 19041 (10.0.19041.3636) elapsed time: 2.991039 seconds (0d 0h 0m 2s)

---------------  T H R E A D  ---------------

Current thread (0x0000026da11c6dd0):  JavaThread "C2 CompilerThread0" daemon [_thread_in_native, id=13464, stack(0x000000d785600000,0x000000d785700000)]


Current CompileTask:
C2:   2991 1909       4       java.util.HashMap::resize (356 bytes)

Stack: [0x000000d785600000,0x000000d785700000]
Native frames: (J=compiled Java code, j=interpreted, Vv=VM code, C=native code)
V  [jvm.dll+0x670baa]
V  [jvm.dll+0x7cfcb4]
V  [jvm.dll+0x7d145e]
V  [jvm.dll+0x7d1ac3]
V  [jvm.dll+0x242bc5]
V  [jvm.dll+0xaa57b]
V  [jvm.dll+0xaab0c]
V  [jvm.dll+0x35fd07]
V  [jvm.dll+0x32a331]
V  [jvm.dll+0x3297da]
V  [jvm.dll+0x215c91]
V  [jvm.dll+0x2150b1]
V  [jvm.dll+0x1a1bbd]
V  [jvm.dll+0x224908]
V  [jvm.dll+0x222a6c]
V  [jvm.dll+0x7859bb]
V  [jvm.dll+0x77ff7a]
V  [jvm.dll+0x66fa35]
C  [ucrtbase.dll+0x21bb2]
C  [KERNEL32.DLL+0x17344]
C  [ntdll.dll+0x526b1]


---------------  P R O C E S S  ---------------

Threads class SMR info:
_java_thread_list=0x0000026da5695ed0, length=22, elements={
0x0000026da11a67a0, 0x0000026da11a9360, 0x0000026da11be220, 0x0000026da11bca10,
0x0000026da11bcee0, 0x0000026da11be6f0, 0x0000026da11c6dd0, 0x0000026da11d8f50,
0x0000026da11d9940, 0x0000026da11bd3b0, 0x0000026da11bebc0, 0x0000026da11bf090,
0x0000026da11bd880, 0x0000026da11bdd50, 0x0000026da11bf560, 0x0000026da11bfa30,
0x0000026da11bff00, 0x0000026da33eb690, 0x0000026da33e6990, 0x0000026da33ec030,
0x0000026da33edd10, 0x0000026da33ed370
}

Java Threads: ( => current thread )
  0x0000026da11a67a0 JavaThread "Reference Handler" daemon [_thread_blocked, id=3660, stack(0x000000d785000000,0x000000d785100000)]
  0x0000026da11a9360 JavaThread "Finalizer" daemon [_thread_blocked, id=13456, stack(0x000000d785100000,0x000000d785200000)]
  0x0000026da11be220 JavaThread "Signal Dispatcher" daemon [_thread_blocked, id=14380, stack(0x000000d785200000,0x000000d785300000)]
  0x0000026da11bca10 JavaThread "Attach Listener" daemon [_thread_blocked, id=3348, stack(0x000000d785300000,0x000000d785400000)]
  0x0000026da11bcee0 JavaThread "Service Thread" daemon [_thread_blocked, id=9968, stack(0x000000d785400000,0x000000d785500000)]
  0x0000026da11be6f0 JavaThread "Monitor Deflation Thread" daemon [_thread_blocked, id=9852, stack(0x000000d785500000,0x000000d785600000)]
=>0x0000026da11c6dd0 JavaThread "C2 CompilerThread0" daemon [_thread_in_native, id=13464, stack(0x000000d785600000,0x000000d785700000)]
  0x0000026da11d8f50 JavaThread "C1 CompilerThread0" daemon [_thread_blocked, id=15176, stack(0x000000d785700000,0x000000d785800000)]
  0x0000026da11d9940 JavaThread "Sweeper thread" daemon [_thread_blocked, id=13008, stack(0x000000d785800000,0x000000d785900000)]
  0x0000026da11bd3b0 JavaThread "Common-Cleaner" daemon [_thread_blocked, id=9896, stack(0x000000d785900000,0x000000d785a00000)]
  0x0000026da11bebc0 JavaThread "Monitor Ctrl-Break" daemon [_thread_in_native, id=9004, stack(0x000000d785a00000,0x000000d785b00000)]
  0x0000026da11bf090 JavaThread "Notification Thread" daemon [_thread_blocked, id=3152, stack(0x000000d785b00000,0x000000d785c00000)]
  0x0000026da11bd880 JavaThread "Java2D Disposer" daemon [_thread_blocked, id=11896, stack(0x000000d785d00000,0x000000d785e00000)]
  0x0000026da11bdd50 JavaThread "AWT-Shutdown" [_thread_blocked, id=14332, stack(0x000000d785e00000,0x000000d785f00000)]
  0x0000026da11bf560 JavaThread "AWT-Windows" daemon [_thread_in_native, id=4008, stack(0x000000d785f00000,0x000000d786000000)]
  0x0000026da11bfa30 JavaThread "AWT-EventQueue-0" [_thread_blocked, id=11688, stack(0x000000d786000000,0x000000d786100000)]
  0x0000026da11bff00 JavaThread "DestroyJavaVM" [_thread_blocked, id=8628, stack(0x000000d784900000,0x000000d784a00000)]
  0x0000026da33eb690 JavaThread "TimerQueue" daemon [_thread_blocked, id=13052, stack(0x000000d786400000,0x000000d786500000)]
  0x0000026da33e6990 JavaThread "oracle.jdbc.diagnostics.Diagnostic.CLOCK" daemon [_thread_blocked, id=12200, stack(0x000000d786700000,0x000000d786800000)]
  0x0000026da33ec030 JavaThread "oracle.jdbc.driver.BlockSource.ThreadedCachingBlockSource.BlockReleaser" daemon [_thread_blocked, id=14208, stack(0x000000d786800000,0x000000d786900000)]
  0x0000026da33edd10 JavaThread "InterruptTimer" daemon [_thread_blocked, id=7912, stack(0x000000d787200000,0x000000d787300000)]
  0x0000026da33ed370 JavaThread "OJDBC-WORKER-THREAD-1" daemon [_thread_blocked, id=2168, stack(0x000000d787300000,0x000000d787400000)]

Other Threads:
  0x0000026da119fcf0 VMThread "VM Thread" [stack: 0x000000d784f00000,0x000000d785000000] [id=12436]
  0x0000026dff78cf30 WatcherThread [stack: 0x000000d785c00000,0x000000d785d00000] [id=6060]
  0x0000026dff778c20 GCTaskThread "GC Thread#0" [stack: 0x000000d784a00000,0x000000d784b00000] [id=11136]
  0x0000026da546dcf0 GCTaskThread "GC Thread#1" [stack: 0x000000d786900000,0x000000d786a00000] [id=8676]
  0x0000026da546dfa0 GCTaskThread "GC Thread#2" [stack: 0x000000d786a00000,0x000000d786b00000] [id=3988]
  0x0000026da546e250 GCTaskThread "GC Thread#3" [stack: 0x000000d786b00000,0x000000d786c00000] [id=5684]
  0x0000026da36f3cd0 GCTaskThread "GC Thread#4" [stack: 0x000000d786c00000,0x000000d786d00000] [id=14244]
  0x0000026da36f3f80 GCTaskThread "GC Thread#5" [stack: 0x000000d786d00000,0x000000d786e00000] [id=5436]
  0x0000026da36f4470 GCTaskThread "GC Thread#6" [stack: 0x000000d786e00000,0x000000d786f00000] [id=12444]
  0x0000026da3a538a0 GCTaskThread "GC Thread#7" [stack: 0x000000d786f00000,0x000000d787000000] [id=2516]
  0x0000026dff785800 ConcurrentGCThread "G1 Main Marker" [stack: 0x000000d784b00000,0x000000d784c00000] [id=7924]
  0x0000026dff786210 ConcurrentGCThread "G1 Conc#0" [stack: 0x000000d784c00000,0x000000d784d00000] [id=468]
  0x0000026da10624d0 ConcurrentGCThread "G1 Refine#0" [stack: 0x000000d784d00000,0x000000d784e00000] [id=7584]
  0x0000026da36b1c30 ConcurrentGCThread "G1 Refine#1" [stack: 0x000000d787000000,0x000000d787100000] [id=12852]
  0x0000026da1062ef0 ConcurrentGCThread "G1 Service" [stack: 0x000000d784e00000,0x000000d784f00000] [id=5176]

Threads with active compile tasks:
C2 CompilerThread0     3007 1909       4       java.util.HashMap::resize (356 bytes)

VM state: not at safepoint (normal execution)

VM Mutex/Monitor currently owned by a thread: None

Heap address: 0x0000000743600000, size: 3018 MB, Compressed Oops mode: Zero based, Oop shift amount: 3

CDS archive(s) mapped at: [0x0000000800000000-0x0000000800bc0000-0x0000000800bc0000), size 12320768, SharedBaseAddress: 0x0000000800000000, ArchiveRelocationMode: 0.
Compressed class space mapped at: 0x0000000800c00000-0x0000000840c00000, reserved size: 1073741824
Narrow klass base: 0x0000000800000000, Narrow klass shift: 0, Narrow klass range: 0x100000000

GC Precious Log:
 CPUs: 8 total, 8 available
 Memory: 12067M
 Large Page Support: Disabled
 NUMA Support: Disabled
 Compressed Oops: Enabled (Zero based)
 Heap Region Size: 2M
 Heap Min Capacity: 8M
 Heap Initial Capacity: 190M
 Heap Max Capacity: 3018M
 Pre-touch: Disabled
 Parallel Workers: 8
 Concurrent Workers: 2
 Concurrent Refinement Workers: 8
 Periodic GC: Disabled

Heap:
 garbage-first heap   total 194560K, used 15530K [0x0000000743600000, 0x0000000800000000)
  region size 2048K, 8 young (16384K), 2 survivors (4096K)
 Metaspace       used 19158K, committed 19392K, reserved 1073152K
  class space    used 2110K, committed 2240K, reserved 1048576K

Heap Regions: E=young(eden), S=young(survivor), O=old, HS=humongous(starts), HC=humongous(continues), CS=collection set, F=free, OA=open archive, CA=closed archive, TAMS=top-at-mark-start (previous, next)
|   0|0x0000000743600000, 0x000000074372aa00, 0x0000000743800000| 58%| O|  |TAMS 0x0000000743600000, 0x0000000743600000| Untracked 
|   1|0x0000000743800000, 0x0000000743800000, 0x0000000743a00000|  0%| F|  |TAMS 0x0000000743800000, 0x0000000743800000| Untracked 
|   2|0x0000000743a00000, 0x0000000743a00000, 0x0000000743c00000|  0%| F|  |TAMS 0x0000000743a00000, 0x0000000743a00000| Untracked 
|   3|0x0000000743c00000, 0x0000000743c00000, 0x0000000743e00000|  0%| F|  |TAMS 0x0000000743c00000, 0x0000000743c00000| Untracked 
|   4|0x0000000743e00000, 0x0000000743e00000, 0x0000000744000000|  0%| F|  |TAMS 0x0000000743e00000, 0x0000000743e00000| Untracked 
|   5|0x0000000744000000, 0x0000000744000000, 0x0000000744200000|  0%| F|  |TAMS 0x0000000744000000, 0x0000000744000000| Untracked 
|   6|0x0000000744200000, 0x0000000744200000, 0x0000000744400000|  0%| F|  |TAMS 0x0000000744200000, 0x0000000744200000| Untracked 
|   7|0x0000000744400000, 0x0000000744400000, 0x0000000744600000|  0%| F|  |TAMS 0x0000000744400000, 0x0000000744400000| Untracked 
|   8|0x0000000744600000, 0x0000000744600000, 0x0000000744800000|  0%| F|  |TAMS 0x0000000744600000, 0x0000000744600000| Untracked 
|   9|0x0000000744800000, 0x0000000744800000, 0x0000000744a00000|  0%| F|  |TAMS 0x0000000744800000, 0x0000000744800000| Untracked 
|  10|0x0000000744a00000, 0x0000000744a00000, 0x0000000744c00000|  0%| F|  |TAMS 0x0000000744a00000, 0x0000000744a00000| Untracked 
|  11|0x0000000744c00000, 0x0000000744c00000, 0x0000000744e00000|  0%| F|  |TAMS 0x0000000744c00000, 0x0000000744c00000| Untracked 
|  12|0x0000000744e00000, 0x0000000744e00000, 0x0000000745000000|  0%| F|  |TAMS 0x0000000744e00000, 0x0000000744e00000| Untracked 
|  13|0x0000000745000000, 0x0000000745000000, 0x0000000745200000|  0%| F|  |TAMS 0x0000000745000000, 0x0000000745000000| Untracked 
|  14|0x0000000745200000, 0x0000000745200000, 0x0000000745400000|  0%| F|  |TAMS 0x0000000745200000, 0x0000000745200000| Untracked 
|  15|0x0000000745400000, 0x0000000745400000, 0x0000000745600000|  0%| F|  |TAMS 0x0000000745400000, 0x0000000745400000| Untracked 
|  16|0x0000000745600000, 0x0000000745600000, 0x0000000745800000|  0%| F|  |TAMS 0x0000000745600000, 0x0000000745600000| Untracked 
|  17|0x0000000745800000, 0x0000000745800000, 0x0000000745a00000|  0%| F|  |TAMS 0x0000000745800000, 0x0000000745800000| Untracked 
|  18|0x0000000745a00000, 0x0000000745a00000, 0x0000000745c00000|  0%| F|  |TAMS 0x0000000745a00000, 0x0000000745a00000| Untracked 
|  19|0x0000000745c00000, 0x0000000745c00000, 0x0000000745e00000|  0%| F|  |TAMS 0x0000000745c00000, 0x0000000745c00000| Untracked 
|  20|0x0000000745e00000, 0x0000000745e00000, 0x0000000746000000|  0%| F|  |TAMS 0x0000000745e00000, 0x0000000745e00000| Untracked 
|  21|0x0000000746000000, 0x0000000746000000, 0x0000000746200000|  0%| F|  |TAMS 0x0000000746000000, 0x0000000746000000| Untracked 
|  22|0x0000000746200000, 0x0000000746200000, 0x0000000746400000|  0%| F|  |TAMS 0x0000000746200000, 0x0000000746200000| Untracked 
|  23|0x0000000746400000, 0x0000000746400000, 0x0000000746600000|  0%| F|  |TAMS 0x0000000746400000, 0x0000000746400000| Untracked 
|  24|0x0000000746600000, 0x0000000746600000, 0x0000000746800000|  0%| F|  |TAMS 0x0000000746600000, 0x0000000746600000| Untracked 
|  25|0x0000000746800000, 0x0000000746800000, 0x0000000746a00000|  0%| F|  |TAMS 0x0000000746800000, 0x0000000746800000| Untracked 
|  26|0x0000000746a00000, 0x0000000746a00000, 0x0000000746c00000|  0%| F|  |TAMS 0x0000000746a00000, 0x0000000746a00000| Untracked 
|  27|0x0000000746c00000, 0x0000000746c00000, 0x0000000746e00000|  0%| F|  |TAMS 0x0000000746c00000, 0x0000000746c00000| Untracked 
|  28|0x0000000746e00000, 0x0000000746e00000, 0x0000000747000000|  0%| F|  |TAMS 0x0000000746e00000, 0x0000000746e00000| Untracked 
|  29|0x0000000747000000, 0x0000000747000000, 0x0000000747200000|  0%| F|  |TAMS 0x0000000747000000, 0x0000000747000000| Untracked 
|  30|0x0000000747200000, 0x0000000747200000, 0x0000000747400000|  0%| F|  |TAMS 0x0000000747200000, 0x0000000747200000| Untracked 
|  31|0x0000000747400000, 0x0000000747400000, 0x0000000747600000|  0%| F|  |TAMS 0x0000000747400000, 0x0000000747400000| Untracked 
|  32|0x0000000747600000, 0x0000000747600000, 0x0000000747800000|  0%| F|  |TAMS 0x0000000747600000, 0x0000000747600000| Untracked 
|  33|0x0000000747800000, 0x0000000747800000, 0x0000000747a00000|  0%| F|  |TAMS 0x0000000747800000, 0x0000000747800000| Untracked 
|  34|0x0000000747a00000, 0x0000000747a00000, 0x0000000747c00000|  0%| F|  |TAMS 0x0000000747a00000, 0x0000000747a00000| Untracked 
|  35|0x0000000747c00000, 0x0000000747c00000, 0x0000000747e00000|  0%| F|  |TAMS 0x0000000747c00000, 0x0000000747c00000| Untracked 
|  36|0x0000000747e00000, 0x0000000747e00000, 0x0000000748000000|  0%| F|  |TAMS 0x0000000747e00000, 0x0000000747e00000| Untracked 
|  37|0x0000000748000000, 0x0000000748000000, 0x0000000748200000|  0%| F|  |TAMS 0x0000000748000000, 0x0000000748000000| Untracked 
|  38|0x0000000748200000, 0x0000000748200000, 0x0000000748400000|  0%| F|  |TAMS 0x0000000748200000, 0x0000000748200000| Untracked 
|  39|0x0000000748400000, 0x0000000748400000, 0x0000000748600000|  0%| F|  |TAMS 0x0000000748400000, 0x0000000748400000| Untracked 
|  40|0x0000000748600000, 0x0000000748600000, 0x0000000748800000|  0%| F|  |TAMS 0x0000000748600000, 0x0000000748600000| Untracked 
|  41|0x0000000748800000, 0x0000000748800000, 0x0000000748a00000|  0%| F|  |TAMS 0x0000000748800000, 0x0000000748800000| Untracked 
|  42|0x0000000748a00000, 0x0000000748a00000, 0x0000000748c00000|  0%| F|  |TAMS 0x0000000748a00000, 0x0000000748a00000| Untracked 
|  43|0x0000000748c00000, 0x0000000748c00000, 0x0000000748e00000|  0%| F|  |TAMS 0x0000000748c00000, 0x0000000748c00000| Untracked 
|  44|0x0000000748e00000, 0x0000000748e00000, 0x0000000749000000|  0%| F|  |TAMS 0x0000000748e00000, 0x0000000748e00000| Untracked 
|  45|0x0000000749000000, 0x0000000749000000, 0x0000000749200000|  0%| F|  |TAMS 0x0000000749000000, 0x0000000749000000| Untracked 
|  46|0x0000000749200000, 0x0000000749200000, 0x0000000749400000|  0%| F|  |TAMS 0x0000000749200000, 0x0000000749200000| Untracked 
|  47|0x0000000749400000, 0x0000000749400000, 0x0000000749600000|  0%| F|  |TAMS 0x0000000749400000, 0x0000000749400000| Untracked 
|  48|0x0000000749600000, 0x0000000749600000, 0x0000000749800000|  0%| F|  |TAMS 0x0000000749600000, 0x0000000749600000| Untracked 
|  49|0x0000000749800000, 0x0000000749800000, 0x0000000749a00000|  0%| F|  |TAMS 0x0000000749800000, 0x0000000749800000| Untracked 
|  50|0x0000000749a00000, 0x0000000749a00000, 0x0000000749c00000|  0%| F|  |TAMS 0x0000000749a00000, 0x0000000749a00000| Untracked 
|  51|0x0000000749c00000, 0x0000000749c00000, 0x0000000749e00000|  0%| F|  |TAMS 0x0000000749c00000, 0x0000000749c00000| Untracked 
|  52|0x0000000749e00000, 0x0000000749e00000, 0x000000074a000000|  0%| F|  |TAMS 0x0000000749e00000, 0x0000000749e00000| Untracked 
|  53|0x000000074a000000, 0x000000074a000000, 0x000000074a200000|  0%| F|  |TAMS 0x000000074a000000, 0x000000074a000000| Untracked 
|  54|0x000000074a200000, 0x000000074a200000, 0x000000074a400000|  0%| F|  |TAMS 0x000000074a200000, 0x000000074a200000| Untracked 
|  55|0x000000074a400000, 0x000000074a400000, 0x000000074a600000|  0%| F|  |TAMS 0x000000074a400000, 0x000000074a400000| Untracked 
|  56|0x000000074a600000, 0x000000074a600000, 0x000000074a800000|  0%| F|  |TAMS 0x000000074a600000, 0x000000074a600000| Untracked 
|  57|0x000000074a800000, 0x000000074a800000, 0x000000074aa00000|  0%| F|  |TAMS 0x000000074a800000, 0x000000074a800000| Untracked 
|  58|0x000000074aa00000, 0x000000074aa00000, 0x000000074ac00000|  0%| F|  |TAMS 0x000000074aa00000, 0x000000074aa00000| Untracked 
|  59|0x000000074ac00000, 0x000000074ac00000, 0x000000074ae00000|  0%| F|  |TAMS 0x000000074ac00000, 0x000000074ac00000| Untracked 
|  60|0x000000074ae00000, 0x000000074ae00000, 0x000000074b000000|  0%| F|  |TAMS 0x000000074ae00000, 0x000000074ae00000| Untracked 
|  61|0x000000074b000000, 0x000000074b000000, 0x000000074b200000|  0%| F|  |TAMS 0x000000074b000000, 0x000000074b000000| Untracked 
|  62|0x000000074b200000, 0x000000074b200000, 0x000000074b400000|  0%| F|  |TAMS 0x000000074b200000, 0x000000074b200000| Untracked 
|  63|0x000000074b400000, 0x000000074b400000, 0x000000074b600000|  0%| F|  |TAMS 0x000000074b400000, 0x000000074b400000| Untracked 
|  64|0x000000074b600000, 0x000000074b600000, 0x000000074b800000|  0%| F|  |TAMS 0x000000074b600000, 0x000000074b600000| Untracked 
|  65|0x000000074b800000, 0x000000074b800000, 0x000000074ba00000|  0%| F|  |TAMS 0x000000074b800000, 0x000000074b800000| Untracked 
|  66|0x000000074ba00000, 0x000000074ba00000, 0x000000074bc00000|  0%| F|  |TAMS 0x000000074ba00000, 0x000000074ba00000| Untracked 
|  67|0x000000074bc00000, 0x000000074bc00000, 0x000000074be00000|  0%| F|  |TAMS 0x000000074bc00000, 0x000000074bc00000| Untracked 
|  68|0x000000074be00000, 0x000000074be00000, 0x000000074c000000|  0%| F|  |TAMS 0x000000074be00000, 0x000000074be00000| Untracked 
|  69|0x000000074c000000, 0x000000074c000000, 0x000000074c200000|  0%| F|  |TAMS 0x000000074c000000, 0x000000074c000000| Untracked 
|  70|0x000000074c200000, 0x000000074c200000, 0x000000074c400000|  0%| F|  |TAMS 0x000000074c200000, 0x000000074c200000| Untracked 
|  71|0x000000074c400000, 0x000000074c400000, 0x000000074c600000|  0%| F|  |TAMS 0x000000074c400000, 0x000000074c400000| Untracked 
|  72|0x000000074c600000, 0x000000074c600000, 0x000000074c800000|  0%| F|  |TAMS 0x000000074c600000, 0x000000074c600000| Untracked 
|  73|0x000000074c800000, 0x000000074c800000, 0x000000074ca00000|  0%| F|  |TAMS 0x000000074c800000, 0x000000074c800000| Untracked 
|  74|0x000000074ca00000, 0x000000074ca00000, 0x000000074cc00000|  0%| F|  |TAMS 0x000000074ca00000, 0x000000074ca00000| Untracked 
|  75|0x000000074cc00000, 0x000000074cc00000, 0x000000074ce00000|  0%| F|  |TAMS 0x000000074cc00000, 0x000000074cc00000| Untracked 
|  76|0x000000074ce00000, 0x000000074ce00000, 0x000000074d000000|  0%| F|  |TAMS 0x000000074ce00000, 0x000000074ce00000| Untracked 
|  77|0x000000074d000000, 0x000000074d000000, 0x000000074d200000|  0%| F|  |TAMS 0x000000074d000000, 0x000000074d000000| Untracked 
|  78|0x000000074d200000, 0x000000074d200000, 0x000000074d400000|  0%| F|  |TAMS 0x000000074d200000, 0x000000074d200000| Untracked 
|  79|0x000000074d400000, 0x000000074d400000, 0x000000074d600000|  0%| F|  |TAMS 0x000000074d400000, 0x000000074d400000| Untracked 
|  80|0x000000074d600000, 0x000000074d600000, 0x000000074d800000|  0%| F|  |TAMS 0x000000074d600000, 0x000000074d600000| Untracked 
|  81|0x000000074d800000, 0x000000074d800000, 0x000000074da00000|  0%| F|  |TAMS 0x000000074d800000, 0x000000074d800000| Untracked 
|  82|0x000000074da00000, 0x000000074dc00000, 0x000000074dc00000|100%| S|CS|TAMS 0x000000074da00000, 0x000000074da00000| Complete 
|  83|0x000000074dc00000, 0x000000074de00000, 0x000000074de00000|100%| S|CS|TAMS 0x000000074dc00000, 0x000000074dc00000| Complete 
|  84|0x000000074de00000, 0x000000074de00000, 0x000000074e000000|  0%| F|  |TAMS 0x000000074de00000, 0x000000074de00000| Untracked 
|  85|0x000000074e000000, 0x000000074e000000, 0x000000074e200000|  0%| F|  |TAMS 0x000000074e000000, 0x000000074e000000| Untracked 
|  86|0x000000074e200000, 0x000000074e200000, 0x000000074e400000|  0%| F|  |TAMS 0x000000074e200000, 0x000000074e200000| Untracked 
|  87|0x000000074e400000, 0x000000074e400000, 0x000000074e600000|  0%| F|  |TAMS 0x000000074e400000, 0x000000074e400000| Untracked 
|  88|0x000000074e600000, 0x000000074e600000, 0x000000074e800000|  0%| F|  |TAMS 0x000000074e600000, 0x000000074e600000| Untracked 
|  89|0x000000074e800000, 0x000000074e9c02a8, 0x000000074ea00000| 87%| E|  |TAMS 0x000000074e800000, 0x000000074e800000| Complete 
|  90|0x000000074ea00000, 0x000000074ec00000, 0x000000074ec00000|100%| E|CS|TAMS 0x000000074ea00000, 0x000000074ea00000| Complete 
|  91|0x000000074ec00000, 0x000000074ee00000, 0x000000074ee00000|100%| E|CS|TAMS 0x000000074ec00000, 0x000000074ec00000| Complete 
|  92|0x000000074ee00000, 0x000000074f000000, 0x000000074f000000|100%| E|CS|TAMS 0x000000074ee00000, 0x000000074ee00000| Complete 
|  93|0x000000074f000000, 0x000000074f200000, 0x000000074f200000|100%| E|CS|TAMS 0x000000074f000000, 0x000000074f000000| Complete 
|  94|0x000000074f200000, 0x000000074f400000, 0x000000074f400000|100%| E|CS|TAMS 0x000000074f200000, 0x000000074f200000| Complete 

Card table byte_map: [0x0000026d98170000,0x0000026d98760000] _byte_map_base: 0x0000026d94755000

Marking Bits (Prev, Next): (CMBitMap*) 0x0000026dff779240, (CMBitMap*) 0x0000026dff779280
 Prev Bits: [0x0000026d98d50000, 0x0000026d9bc78000)
 Next Bits: [0x0000026d9bc80000, 0x0000026d9eba8000)

Polling page: 0x0000026dfea30000

Metaspace:

Usage:
  Non-class:     16.65 MB used.
      Class:      2.06 MB used.
       Both:     18.71 MB used.

Virtual space:
  Non-class space:       24.00 MB reserved,      16.75 MB ( 70%) committed,  3 nodes.
      Class space:        1.00 GB reserved,       2.19 MB ( <1%) committed,  1 nodes.
             Both:        1.02 GB reserved,      18.94 MB (  2%) committed. 

Chunk freelists:
   Non-Class:  3.12 MB
       Class:  1.86 MB
        Both:  4.98 MB

MaxMetaspaceSize: unlimited
CompressedClassSpaceSize: 1.00 GB
Initial GC threshold: 21.00 MB
Current GC threshold: 21.00 MB
CDS: on
MetaspaceReclaimPolicy: balanced
 - commit_granule_bytes: 65536.
 - commit_granule_words: 8192.
 - virtual_space_node_default_size: 1048576.
 - enlarge_chunks_in_place: 1.
 - new_chunks_are_fully_committed: 0.
 - uncommit_free_chunks: 1.
 - use_allocation_guard: 0.
 - handle_deallocations: 1.


Internal statistics:

num_allocs_failed_limit: 0.
num_arena_births: 168.
num_arena_deaths: 0.
num_vsnodes_births: 4.
num_vsnodes_deaths: 0.
num_space_committed: 303.
num_space_uncommitted: 0.
num_chunks_returned_to_freelist: 0.
num_chunks_taken_from_freelist: 492.
num_chunk_merges: 0.
num_chunk_splits: 308.
num_chunks_enlarged: 204.
num_purges: 0.
num_inconsistent_stats: 0.

CodeHeap 'non-profiled nmethods': size=120000Kb used=605Kb max_used=605Kb free=119394Kb
 bounds [0x0000026d90650000, 0x0000026d908c0000, 0x0000026d97b80000]
CodeHeap 'profiled nmethods': size=120000Kb used=3592Kb max_used=3592Kb free=116407Kb
 bounds [0x0000026d89120000, 0x0000026d894b0000, 0x0000026d90650000]
CodeHeap 'non-nmethods': size=5760Kb used=1360Kb max_used=1378Kb free=4399Kb
 bounds [0x0000026d88b80000, 0x0000026d88df0000, 0x0000026d89120000]
 total_blobs=2601 nmethods=1910 adapters=603
 compilation: enabled
              stopped_count=0, restarted_count=0
 full_count=0

Compilation events (20 events):
Event: 2.961 Thread 0x0000026da11d8f50 nmethod 1903 0x0000026d8949fe10 code [0x0000026d8949ffa0, 0x0000026d894a0118]
Event: 2.961 Thread 0x0000026da11d8f50 1900       1       java.awt.image.SinglePixelPackedSampleModel::getNumDataElements (2 bytes)
Event: 2.961 Thread 0x0000026da11d8f50 nmethod 1900 0x0000026d906e6a10 code [0x0000026d906e6ba0, 0x0000026d906e6c78]
Event: 2.961 Thread 0x0000026da11d8f50 1902       1       java.awt.image.Raster::getSampleModel (5 bytes)
Event: 2.961 Thread 0x0000026da11d8f50 nmethod 1902 0x0000026d906e6d10 code [0x0000026d906e6ea0, 0x0000026d906e6f78]
Event: 2.974 Thread 0x0000026da11d8f50 1904       3       java.awt.LightweightDispatcher::dispatchEvent (73 bytes)
Event: 2.974 Thread 0x0000026da11d8f50 nmethod 1904 0x0000026d894a0210 code [0x0000026d894a0400, 0x0000026d894a0ba8]
Event: 2.985 Thread 0x0000026da11d8f50 1905       3       sun.java2d.SunGraphics2D::validateColor (102 bytes)
Event: 2.985 Thread 0x0000026da11c6dd0 1909       4       java.util.HashMap::resize (356 bytes)
Event: 2.985 Thread 0x0000026da11d8f50 nmethod 1905 0x0000026d894a0d10 code [0x0000026d894a0ee0, 0x0000026d894a1418]
Event: 2.985 Thread 0x0000026da11d8f50 1906       3       sun.java2d.SurfaceData::pixelFor (13 bytes)
Event: 2.985 Thread 0x0000026da11d8f50 nmethod 1906 0x0000026d894a1590 code [0x0000026d894a1740, 0x0000026d894a19a8]
Event: 2.985 Thread 0x0000026da11d8f50 1907       3       sun.java2d.loops.SurfaceType::pixelFor (10 bytes)
Event: 2.985 Thread 0x0000026da11d8f50 nmethod 1907 0x0000026d894a1a90 code [0x0000026d894a1c40, 0x0000026d894a1e28]
Event: 2.985 Thread 0x0000026da11d8f50 1908       3       sun.awt.image.PixelConverter$Xrgb::rgbToPixel (2 bytes)
Event: 2.985 Thread 0x0000026da11d8f50 nmethod 1908 0x0000026d894a1f10 code [0x0000026d894a20a0, 0x0000026d894a21b8]
Event: 2.985 Thread 0x0000026da11d8f50 1910       1       sun.awt.image.SunVolatileImage::getGraphicsConfig (5 bytes)
Event: 2.985 Thread 0x0000026da11d8f50 nmethod 1910 0x0000026d906e7010 code [0x0000026d906e71a0, 0x0000026d906e7278]
Event: 2.985 Thread 0x0000026da11d8f50 1911       1       java.awt.GradientPaintContext::getColorModel (5 bytes)
Event: 2.985 Thread 0x0000026da11d8f50 nmethod 1911 0x0000026d906e7310 code [0x0000026d906e74a0, 0x0000026d906e7578]

GC Heap History (2 events):
Event: 1.798 GC heap before
{Heap before GC invocations=0 (full 0):
 garbage-first heap   total 194560K, used 20480K [0x0000000743600000, 0x0000000800000000)
  region size 2048K, 11 young (22528K), 0 survivors (0K)
 Metaspace       used 14784K, committed 15040K, reserved 1064960K
  class space    used 1637K, committed 1728K, reserved 1048576K
}
Event: 1.802 GC heap after
{Heap after GC invocations=1 (full 0):
 garbage-first heap   total 194560K, used 5290K [0x0000000743600000, 0x0000000800000000)
  region size 2048K, 2 young (4096K), 2 survivors (4096K)
 Metaspace       used 14784K, committed 15040K, reserved 1064960K
  class space    used 1637K, committed 1728K, reserved 1048576K
}

Deoptimization events (20 events):
Event: 1.905 Thread 0x0000026da11bfa30 DEOPT PACKING pc=0x0000026d9069ea24 sp=0x000000d7860fa920
Event: 1.905 Thread 0x0000026da11bfa30 DEOPT UNPACKING pc=0x0000026d88bd5c23 sp=0x000000d7860fa878 mode 2
Event: 1.924 Thread 0x0000026da11bfa30 Uncommon trap: trap_request=0xffffff45 fr.pc=0x0000026d906c6f64 relative=0x00000000000002a4
Event: 1.924 Thread 0x0000026da11bfa30 Uncommon trap: reason=unstable_if action=reinterpret pc=0x0000026d906c6f64 method=java.lang.invoke.VarHandle.checkExactAccessMode(Ljava/lang/invoke/VarHandle$AccessDescriptor;)V @ 4 c2
Event: 1.924 Thread 0x0000026da11bfa30 DEOPT PACKING pc=0x0000026d906c6f64 sp=0x000000d7860fd6b0
Event: 1.924 Thread 0x0000026da11bfa30 DEOPT UNPACKING pc=0x0000026d88bd5c23 sp=0x000000d7860fd620 mode 2
Event: 2.024 Thread 0x0000026da11bfa30 Uncommon trap: trap_request=0xffffff45 fr.pc=0x0000026d906c68cc relative=0x00000000000000ac
Event: 2.024 Thread 0x0000026da11bfa30 Uncommon trap: reason=unstable_if action=reinterpret pc=0x0000026d906c68cc method=jdk.internal.misc.Unsafe.convEndian(ZI)I @ 4 c2
Event: 2.024 Thread 0x0000026da11bfa30 DEOPT PACKING pc=0x0000026d906c68cc sp=0x000000d7860fd5e0
Event: 2.024 Thread 0x0000026da11bfa30 DEOPT UNPACKING pc=0x0000026d88bd5c23 sp=0x000000d7860fd490 mode 2
Event: 2.024 Thread 0x0000026da11bfa30 Uncommon trap: trap_request=0xffffff45 fr.pc=0x0000026d906c53f4 relative=0x0000000000000074
Event: 2.024 Thread 0x0000026da11bfa30 Uncommon trap: reason=unstable_if action=reinterpret pc=0x0000026d906c53f4 method=jdk.internal.misc.Unsafe.convEndian(ZI)I @ 4 c2
Event: 2.024 Thread 0x0000026da11bfa30 DEOPT PACKING pc=0x0000026d906c53f4 sp=0x000000d7860fd560
Event: 2.024 Thread 0x0000026da11bfa30 DEOPT UNPACKING pc=0x0000026d88bd5c23 sp=0x000000d7860fd490 mode 2
Event: 2.031 Thread 0x0000026da11bfa30 Uncommon trap: trap_request=0xffffff45 fr.pc=0x0000026d906cba7c relative=0x00000000000003bc
Event: 2.031 Thread 0x0000026da11bfa30 Uncommon trap: reason=unstable_if action=reinterpret pc=0x0000026d906cba7c method=java.lang.Integer.parseInt(Ljava/lang/String;I)I @ 1 c2
Event: 2.031 Thread 0x0000026da11bfa30 DEOPT PACKING pc=0x0000026d906cba7c sp=0x000000d7860fde80
Event: 2.031 Thread 0x0000026da11bfa30 DEOPT UNPACKING pc=0x0000026d88bd5c23 sp=0x000000d7860fddf0 mode 2
Event: 2.771 Thread 0x0000026da11bfa30 DEOPT PACKING pc=0x0000026d8943e204 sp=0x000000d7860fd1d0
Event: 2.771 Thread 0x0000026da11bfa30 DEOPT UNPACKING pc=0x0000026d88bd6763 sp=0x000000d7860fc640 mode 0

Classes unloaded (0 events):
No events

Classes redefined (0 events):
No events

Internal exceptions (20 events):
Event: 1.574 Thread 0x0000026da11bfa30 Exception <a 'java/lang/NoSuchMethodError'{0x000000074e9b4c50}: 'void java.lang.invoke.DirectMethodHandle$Holder.invokeStatic(java.lang.Object, java.lang.Object, java.lang.Object)'> (0x000000074e9b4c50) 
thrown [t:\workspace\open\src\hotspot\share\interpreter\linkResolver.cpp, line 766]
Event: 1.599 Thread 0x0000026da11bfa30 Exception <a 'java/lang/NoSuchMethodError'{0x000000074e725380}: 'java.lang.Object java.lang.invoke.DirectMethodHandle$Holder.invokeInterface(java.lang.Object, java.lang.Object)'> (0x000000074e725380) 
thrown [t:\workspace\open\src\hotspot\share\interpreter\linkResolver.cpp, line 766]
Event: 1.619 Thread 0x0000026da11bfa30 Exception <a 'java/lang/NoClassDefFoundError'{0x000000074e7f47e0}: oracle/security/pki/OraclePKIProvider> (0x000000074e7f47e0) 
thrown [t:\workspace\open\src\hotspot\share\classfile\systemDictionary.cpp, line 245]
Event: 1.732 Thread 0x0000026da11bfa30 Exception <a 'java/lang/NoSuchMethodError'{0x000000074e155000}: 'int java.lang.invoke.DirectMethodHandle$Holder.invokeStaticInit(java.lang.Object, java.lang.Object)'> (0x000000074e155000) 
thrown [t:\workspace\open\src\hotspot\share\interpreter\linkResolver.cpp, line 766]
Event: 1.738 Thread 0x0000026da11bfa30 Exception <a 'java/lang/NoSuchMethodError'{0x000000074e1c86f8}: 'java.lang.Object java.lang.invoke.DirectMethodHandle$Holder.invokeStaticInit(java.lang.Object, java.lang.Object, java.lang.Object)'> (0x000000074e1c86f8) 
thrown [t:\workspace\open\src\hotspot\share\interpreter\linkResolver.cpp, line 766]
Event: 1.741 Thread 0x0000026da11bfa30 Exception <a 'java/lang/NoSuchMethodError'{0x000000074e1e48d0}: 'java.lang.Object java.lang.invoke.DirectMethodHandle$Holder.invokeStaticInit(java.lang.Object, java.lang.Object, java.lang.Object, java.lang.Object)'> (0x000000074e1e48d0) 
thrown [t:\workspace\open\src\hotspot\share\interpreter\linkResolver.cpp, line 766]
Event: 1.748 Thread 0x0000026da11bfa30 Exception <a 'java/lang/NoSuchMethodError'{0x000000074de26a38}: 'java.lang.Object java.lang.invoke.DirectMethodHandle$Holder.invokeInterface(java.lang.Object, java.lang.Object, java.lang.Object)'> (0x000000074de26a38) 
thrown [t:\workspace\open\src\hotspot\share\interpreter\linkResolver.cpp, line 766]
Event: 1.759 Thread 0x0000026da11bfa30 Exception <a 'java/lang/NoClassDefFoundError'{0x000000074de900c8}: oracle/dms/console/DMSConsole> (0x000000074de900c8) 
thrown [t:\workspace\open\src\hotspot\share\classfile\systemDictionary.cpp, line 245]
Event: 1.759 Thread 0x0000026da11bfa30 Exception <a 'java/lang/reflect/InvocationTargetException'{0x000000074de908e8}> (0x000000074de908e8) 
thrown [t:\workspace\open\src\hotspot\share\runtime\reflection.cpp, line 1121]
Event: 1.777 Thread 0x0000026da11bfa30 Exception <a 'java/lang/NoSuchMethodError'{0x000000074deea128}: 'void java.lang.invoke.DirectMethodHandle$Holder.invokeStaticInit(java.lang.Object, java.lang.Object)'> (0x000000074deea128) 
thrown [t:\workspace\open\src\hotspot\share\interpreter\linkResolver.cpp, line 766]
Event: 1.842 Thread 0x0000026da11bfa30 Exception <a 'java/lang/NoSuchMethodError'{0x000000074f0f2c48}: 'java.lang.Object java.lang.invoke.DirectMethodHandle$Holder.invokeStaticInit(java.lang.Object, int, int, int, int)'> (0x000000074f0f2c48) 
thrown [t:\workspace\open\src\hotspot\share\interpreter\linkResolver.cpp, line 766]
Event: 1.883 Thread 0x0000026da11bfa30 Exception <a 'java/lang/NoSuchMethodError'{0x000000074ee05698}: 'java.lang.Object java.lang.invoke.DirectMethodHandle$Holder.invokeStaticInit(java.lang.Object, java.lang.Object, int, int, int, int)'> (0x000000074ee05698) 
thrown [t:\workspace\open\src\hotspot\share\interpreter\linkResolver.cpp, line 766]
Event: 1.936 Thread 0x0000026da11bfa30 Exception <a 'java/lang/NoSuchMethodError'{0x000000074eff9448}: 'java.lang.Object java.lang.invoke.DirectMethodHandle$Holder.newInvokeSpecial(java.lang.Object, java.lang.Object, java.lang.Object, int)'> (0x000000074eff9448) 
thrown [t:\workspace\open\src\hotspot\share\interpreter\linkResolver.cpp, line 766]
Event: 1.937 Thread 0x0000026da11bfa30 Exception <a 'java/lang/NoSuchMethodError'{0x000000074effdad0}: 'java.lang.Object java.lang.invoke.DirectMethodHandle$Holder.invokeSpecial(java.lang.Object, java.lang.Object, java.lang.Object, java.lang.Object, int)'> (0x000000074effdad0) 
thrown [t:\workspace\open\src\hotspot\share\interpreter\linkResolver.cpp, line 766]
Event: 1.937 Thread 0x0000026da11bfa30 Exception <a 'java/lang/NoSuchMethodError'{0x000000074ec01dc8}: 'java.lang.Object java.lang.invoke.Invokers$Holder.linkToTargetMethod(java.lang.Object, java.lang.Object, int, java.lang.Object)'> (0x000000074ec01dc8) 
thrown [t:\workspace\open\src\hotspot\share\interpreter\linkResolver.cpp, line 766]
Event: 1.945 Thread 0x0000026da11bfa30 Exception <a 'java/lang/NoSuchMethodError'{0x000000074ec17b30}: 'int java.lang.invoke.DirectMethodHandle$Holder.invokeSpecialIFC(java.lang.Object, java.lang.Object, java.lang.Object)'> (0x000000074ec17b30) 
thrown [t:\workspace\open\src\hotspot\share\interpreter\linkResolver.cpp, line 766]
Event: 1.952 Thread 0x0000026da11bfa30 Exception <a 'java/lang/NoSuchMethodError'{0x000000074ec540c0}: 'java.lang.Object java.lang.invoke.DirectMethodHandle$Holder.invokeVirtual(java.lang.Object, java.lang.Object, int)'> (0x000000074ec540c0) 
thrown [t:\workspace\open\src\hotspot\share\interpreter\linkResolver.cpp, line 766]
Event: 2.006 Thread 0x0000026da11bfa30 Exception <a 'sun/nio/fs/WindowsException'{0x000000074ebdaab0}> (0x000000074ebdaab0) 
thrown [t:\workspace\open\src\hotspot\share\prims\jni.cpp, line 516]
Event: 2.029 Thread 0x0000026da11bfa30 Exception <a 'java/lang/NoSuchMethodError'{0x000000074e835590}: 'java.lang.Object java.lang.invoke.DirectMethodHandle$Holder.newInvokeSpecial(java.lang.Object, java.lang.Object, int)'> (0x000000074e835590) 
thrown [t:\workspace\open\src\hotspot\share\interpreter\linkResolver.cpp, line 766]
Event: 2.031 Thread 0x0000026da11bfa30 Implicit null exception at 0x0000026d906cb6d4 to 0x0000026d906cba68

VM Operations (20 events):
Event: 0.219 Executing VM operation: HandshakeAllThreads
Event: 0.219 Executing VM operation: HandshakeAllThreads done
Event: 0.303 Executing VM operation: HandshakeAllThreads
Event: 0.303 Executing VM operation: HandshakeAllThreads done
Event: 1.313 Executing VM operation: Cleanup
Event: 1.314 Executing VM operation: Cleanup done
Event: 1.765 Executing VM operation: ThreadDump
Event: 1.765 Executing VM operation: ThreadDump done
Event: 1.777 Executing VM operation: HandshakeAllThreads
Event: 1.777 Executing VM operation: HandshakeAllThreads done
Event: 1.798 Executing VM operation: G1CollectForAllocation
Event: 1.802 Executing VM operation: G1CollectForAllocation done
Event: 1.832 Executing VM operation: HandshakeAllThreads
Event: 1.832 Executing VM operation: HandshakeAllThreads done
Event: 1.835 Executing VM operation: HandshakeAllThreads
Event: 1.835 Executing VM operation: HandshakeAllThreads done
Event: 2.007 Executing VM operation: HandshakeAllThreads
Event: 2.007 Executing VM operation: HandshakeAllThreads done
Event: 2.010 Executing VM operation: HandshakeAllThreads
Event: 2.010 Executing VM operation: HandshakeAllThreads done

Events (20 events):
Event: 2.034 loading class java/util/concurrent/LinkedBlockingQueue done
Event: 2.034 loading class java/util/concurrent/LinkedBlockingQueue$Node
Event: 2.034 loading class java/util/concurrent/LinkedBlockingQueue$Node done
Event: 2.035 loading class java/util/concurrent/Executors$RunnableAdapter
Event: 2.035 loading class java/util/concurrent/Executors$RunnableAdapter done
Event: 2.035 loading class java/util/concurrent/ThreadPoolExecutor$Worker
Event: 2.035 loading class java/util/concurrent/ThreadPoolExecutor$Worker done
Event: 2.035 Thread 0x0000026da33ed370 Thread added: 0x0000026da33ed370
Event: 2.035 loading class java/awt/Window$1DisposeAction
Event: 2.035 loading class java/awt/Window$1DisposeAction done
Event: 2.036 loading class java/awt/KeyboardFocusManager$2
Event: 2.036 loading class java/awt/KeyboardFocusManager$2 done
Event: 2.036 loading class sun/awt/SunToolkit$1
Event: 2.036 loading class sun/awt/SunToolkit$1 done
Event: 2.041 loading class javax/swing/Autoscroller
Event: 2.041 loading class javax/swing/Autoscroller done
Event: 2.042 loading class java/awt/LightweightDispatcher$2
Event: 2.042 loading class java/awt/LightweightDispatcher$2 done
Event: 2.309 Thread 0x0000026da3645430 Thread exited: 0x0000026da3645430
Event: 2.476 Thread 0x0000026da3500300 Thread exited: 0x0000026da3500300


Dynamic libraries:
0x00007ff78cf60000 - 0x00007ff78cf6e000 	C:\Users\malan\.jdks\openjdk-17.0.2\bin\java.exe
0x00007ff8b7530000 - 0x00007ff8b7728000 	C:\Windows\SYSTEM32\ntdll.dll
0x00007ff8b5660000 - 0x00007ff8b571d000 	C:\Windows\System32\KERNEL32.DLL
0x00007ff8b4cb0000 - 0x00007ff8b4fa6000 	C:\Windows\System32\KERNELBASE.dll
0x00007ff8b5160000 - 0x00007ff8b5260000 	C:\Windows\System32\ucrtbase.dll
0x00007ff8adf30000 - 0x00007ff8adf48000 	C:\Users\malan\.jdks\openjdk-17.0.2\bin\jli.dll
0x00007ff8aded0000 - 0x00007ff8adeea000 	C:\Users\malan\.jdks\openjdk-17.0.2\bin\VCRUNTIME140.dll
0x00007ff8b6990000 - 0x00007ff8b6b2e000 	C:\Windows\System32\USER32.dll
0x00007ff8a7960000 - 0x00007ff8a7bfa000 	C:\Windows\WinSxS\amd64_microsoft.windows.common-controls_6595b64144ccf1df_6.0.19041.3636_none_60b6a03d71f818d5\COMCTL32.dll
0x00007ff8b5130000 - 0x00007ff8b5152000 	C:\Windows\System32\win32u.dll
0x00007ff8b59a0000 - 0x00007ff8b5a3e000 	C:\Windows\System32\msvcrt.dll
0x00007ff8b5630000 - 0x00007ff8b565c000 	C:\Windows\System32\GDI32.dll
0x00007ff8b5460000 - 0x00007ff8b557a000 	C:\Windows\System32\gdi32full.dll
0x00007ff8b5260000 - 0x00007ff8b52fd000 	C:\Windows\System32\msvcp_win.dll
0x00007ff8b6c10000 - 0x00007ff8b6c40000 	C:\Windows\System32\IMM32.DLL
0x00007ff8adec0000 - 0x00007ff8adecc000 	C:\Users\malan\.jdks\openjdk-17.0.2\bin\vcruntime140_1.dll
0x00007ff8986a0000 - 0x00007ff89872d000 	C:\Users\malan\.jdks\openjdk-17.0.2\bin\msvcp140.dll
0x00007ff878930000 - 0x00007ff8794f1000 	C:\Users\malan\.jdks\openjdk-17.0.2\bin\server\jvm.dll
0x00007ff8b7210000 - 0x00007ff8b72c3000 	C:\Windows\System32\ADVAPI32.dll
0x00007ff8b5bf0000 - 0x00007ff8b5c8f000 	C:\Windows\System32\sechost.dll
0x00007ff8b6100000 - 0x00007ff8b6226000 	C:\Windows\System32\RPCRT4.dll
0x00007ff8b4fb0000 - 0x00007ff8b4fd7000 	C:\Windows\System32\bcrypt.dll
0x00007ff8b5bd0000 - 0x00007ff8b5bd8000 	C:\Windows\System32\PSAPI.DLL
0x00007ff8aadb0000 - 0x00007ff8aadba000 	C:\Windows\SYSTEM32\VERSION.dll
0x00007ff895520000 - 0x00007ff895529000 	C:\Windows\SYSTEM32\WSOCK32.dll
0x00007ff894650000 - 0x00007ff894677000 	C:\Windows\SYSTEM32\WINMM.dll
0x00007ff8b71a0000 - 0x00007ff8b720b000 	C:\Windows\System32\WS2_32.dll
0x00007ff8b3440000 - 0x00007ff8b3452000 	C:\Windows\SYSTEM32\kernel.appcore.dll
0x00007ff8ab250000 - 0x00007ff8ab25a000 	C:\Users\malan\.jdks\openjdk-17.0.2\bin\jimage.dll
0x00007ff8b3170000 - 0x00007ff8b3354000 	C:\Windows\SYSTEM32\DBGHELP.DLL
0x00007ff89fea0000 - 0x00007ff89fed4000 	C:\Windows\SYSTEM32\dbgcore.DLL
0x00007ff8b4fe0000 - 0x00007ff8b5062000 	C:\Windows\System32\bcryptPrimitives.dll
0x00007ff8aada0000 - 0x00007ff8aadae000 	C:\Users\malan\.jdks\openjdk-17.0.2\bin\instrument.dll
0x00007ff8aad70000 - 0x00007ff8aad95000 	C:\Users\malan\.jdks\openjdk-17.0.2\bin\java.dll
0x00007ff88f7c0000 - 0x00007ff88f896000 	C:\Users\malan\.jdks\openjdk-17.0.2\bin\jsvml.dll
0x00007ff8b6240000 - 0x00007ff8b6985000 	C:\Windows\System32\SHELL32.dll
0x00007ff8b2900000 - 0x00007ff8b309b000 	C:\Windows\SYSTEM32\windows.storage.dll
0x00007ff8b6d60000 - 0x00007ff8b70b4000 	C:\Windows\System32\combase.dll
0x00007ff8b4630000 - 0x00007ff8b465d000 	C:\Windows\SYSTEM32\Wldp.dll
0x00007ff8b5580000 - 0x00007ff8b562d000 	C:\Windows\System32\SHCORE.dll
0x00007ff8b5b70000 - 0x00007ff8b5bc5000 	C:\Windows\System32\shlwapi.dll
0x00007ff8b4b30000 - 0x00007ff8b4b55000 	C:\Windows\SYSTEM32\profapi.dll
0x00007ff8a93c0000 - 0x00007ff8a93d8000 	C:\Users\malan\.jdks\openjdk-17.0.2\bin\zip.dll
0x00007ff8a9160000 - 0x00007ff8a9179000 	C:\Users\malan\.jdks\openjdk-17.0.2\bin\net.dll
0x00007ff8ace30000 - 0x00007ff8acf3a000 	C:\Windows\SYSTEM32\WINHTTP.dll
0x00007ff8b4390000 - 0x00007ff8b43fa000 	C:\Windows\system32\mswsock.dll
0x00007ff8a8f20000 - 0x00007ff8a8f36000 	C:\Users\malan\.jdks\openjdk-17.0.2\bin\nio.dll
0x00007ff8a7800000 - 0x00007ff8a781a000 	C:\Program Files\JetBrains\IntelliJ IDEA Community Edition 2022.3\bin\breakgen64.dll
0x00007ff87cac0000 - 0x00007ff87cc4e000 	C:\Users\malan\.jdks\openjdk-17.0.2\bin\awt.dll
0x00007ff8b58d0000 - 0x00007ff8b599d000 	C:\Windows\System32\OLEAUT32.dll
0x00007ff8af870000 - 0x00007ff8af900000 	C:\Windows\SYSTEM32\apphelp.dll
0x00007ff8b2100000 - 0x00007ff8b212f000 	C:\Windows\system32\DWMAPI.DLL
0x00007ff8af960000 - 0x00007ff8af9fe000 	C:\Windows\system32\uxtheme.dll
0x00007ff8983c0000 - 0x00007ff8984e5000 	C:\Windows\system32\opengl32.dll
0x00007ff8a0190000 - 0x00007ff8a01bc000 	C:\Windows\SYSTEM32\GLU32.dll
0x00007ff8b6c40000 - 0x00007ff8b6d54000 	C:\Windows\System32\MSCTF.dll
0x00007ff8b5a40000 - 0x00007ff8b5b6b000 	C:\Windows\System32\ole32.dll
0x00007ff886210000 - 0x00007ff886299000 	C:\Users\malan\.jdks\openjdk-17.0.2\bin\freetype.dll
0x00007ff881960000 - 0x00007ff881a08000 	C:\Users\malan\.jdks\openjdk-17.0.2\bin\fontmanager.dll
0x00007ff8b73c0000 - 0x00007ff8b7469000 	C:\Windows\System32\clbcatq.dll
0x00007ff8ac1c0000 - 0x00007ff8ac374000 	C:\Windows\SYSTEM32\WindowsCodecs.dll
0x00007ff89f010000 - 0x00007ff89f04e000 	C:\Windows\system32\dataexchange.dll
0x00007ff8aed60000 - 0x00007ff8aef43000 	C:\Windows\system32\dcomp.dll
0x00007ff8ae530000 - 0x00007ff8ae793000 	C:\Windows\system32\d3d11.dll
0x00007ff8b34b0000 - 0x00007ff8b35a3000 	C:\Windows\system32\dxgi.dll
0x00007ff8abf00000 - 0x00007ff8ac103000 	C:\Windows\system32\twinapi.appcore.dll
0x00007ff8a7260000 - 0x00007ff8a7359000 	C:\Windows\SYSTEM32\textinputframework.dll
0x00007ff8aef50000 - 0x00007ff8af2ab000 	C:\Windows\System32\CoreUIComponents.dll
0x00007ff8af630000 - 0x00007ff8af722000 	C:\Windows\System32\CoreMessaging.dll
0x00007ff8b3d90000 - 0x00007ff8b3dc3000 	C:\Windows\SYSTEM32\ntmarta.dll
0x00007ff8adf70000 - 0x00007ff8ae0c5000 	C:\Windows\SYSTEM32\wintypes.dll
0x00007ff8a9370000 - 0x00007ff8a9379000 	C:\Users\malan\.jdks\openjdk-17.0.2\bin\management.dll
0x00007ff8a77f0000 - 0x00007ff8a77fb000 	C:\Users\malan\.jdks\openjdk-17.0.2\bin\management_ext.dll
0x00007ff88fbd0000 - 0x00007ff88fbe7000 	C:\Windows\system32\napinsp.dll
0x00007ff88fbb0000 - 0x00007ff88fbcb000 	C:\Windows\system32\pnrpnsp.dll
0x00007ff8ad0a0000 - 0x00007ff8ad0b5000 	C:\Windows\system32\wshbth.dll
0x00007ff8add90000 - 0x00007ff8addad000 	C:\Windows\system32\NLAapi.dll
0x00007ff8b4030000 - 0x00007ff8b406b000 	C:\Windows\SYSTEM32\IPHLPAPI.DLL
0x00007ff8b4070000 - 0x00007ff8b413a000 	C:\Windows\SYSTEM32\DNSAPI.dll
0x00007ff8b6230000 - 0x00007ff8b6238000 	C:\Windows\System32\NSI.dll
0x00007ff88fb90000 - 0x00007ff88fba2000 	C:\Windows\System32\winrnr.dll
0x00007ff8a90d0000 - 0x00007ff8a90da000 	C:\Windows\System32\rasadhlp.dll
0x00007ff8a86e0000 - 0x00007ff8a8760000 	C:\Windows\System32\fwpuclnt.dll
0x00007ff8b4580000 - 0x00007ff8b4598000 	C:\Windows\SYSTEM32\CRYPTSP.dll
0x00007ff8b3c50000 - 0x00007ff8b3c84000 	C:\Windows\system32\rsaenh.dll
0x00007ff8b4ab0000 - 0x00007ff8b4ade000 	C:\Windows\SYSTEM32\USERENV.dll
0x00007ff8b45a0000 - 0x00007ff8b45ac000 	C:\Windows\SYSTEM32\CRYPTBASE.dll
0x00007ff8ab6f0000 - 0x00007ff8ab707000 	C:\Windows\SYSTEM32\dhcpcsvc6.DLL
0x00007ff8aaee0000 - 0x00007ff8aaefd000 	C:\Windows\SYSTEM32\dhcpcsvc.DLL
0x00007ff8a7040000 - 0x00007ff8a704e000 	C:\Users\malan\.jdks\openjdk-17.0.2\bin\sunmscapi.dll
0x00007ff8b5300000 - 0x00007ff8b545d000 	C:\Windows\System32\CRYPT32.dll
0x00007ff8b46a0000 - 0x00007ff8b46c8000 	C:\Windows\SYSTEM32\ncrypt.dll
0x00007ff8b4660000 - 0x00007ff8b469b000 	C:\Windows\SYSTEM32\NTASN1.dll
0x00007ff8a9400000 - 0x00007ff8a9407000 	C:\Windows\system32\wshunix.dll

dbghelp: loaded successfully - version: 4.0.5 - missing functions: none
symbol engine: initialized successfully - sym options: 0x614 - pdb path: .;C:\Users\malan\.jdks\openjdk-17.0.2\bin;C:\Windows\SYSTEM32;C:\Windows\WinSxS\amd64_microsoft.windows.common-controls_6595b64144ccf1df_6.0.19041.3636_none_60b6a03d71f818d5;C:\Users\malan\.jdks\openjdk-17.0.2\bin\server;C:\Program Files\JetBrains\IntelliJ IDEA Community Edition 2022.3\bin

VM Arguments:
jvm_args: -javaagent:C:\Program Files\JetBrains\IntelliJ IDEA Community Edition 2022.3\lib\idea_rt.jar=57388:C:\Program Files\JetBrains\IntelliJ IDEA Community Edition 2022.3\bin -Dfile.encoding=UTF-8 
java_command: Main
java_class_path (initial): C:\Users\malan\Desktop\studia\5 sem\bazy danych\MichalPropozycja\out\production\MichalPropozycja;C:\Users\malan\Desktop\studia\5 sem\bazy danych\MichalPropozycja\DatabaseApp\out\production\DatabaseApp\lib\ojdbc8.jar;C:\Users\malan\Desktop\studia\5 sem\bazy danych\MichalPropozycja\DatabaseApp\out\production\DatabaseApp\lib\ojdbc11.jar;C:\Users\malan\Desktop\studia\5 sem\bazy danych\MichalPropozycja\DatabaseApp\src\lib\ojdbc8.jar;C:\Users\malan\Desktop\studia\5 sem\bazy danych\MichalPropozycja\DatabaseApp\src\lib\ojdbc11.jar
Launcher Type: SUN_STANDARD

[Global flags]
     intx CICompilerCount                          = 4                                         {product} {ergonomic}
     uint ConcGCThreads                            = 2                                         {product} {ergonomic}
     uint G1ConcRefinementThreads                  = 8                                         {product} {ergonomic}
   size_t G1HeapRegionSize                         = 2097152                                   {product} {ergonomic}
    uintx GCDrainStackTargetSize                   = 64                                        {product} {ergonomic}
   size_t InitialHeapSize                          = 199229440                                 {product} {ergonomic}
   size_t MarkStackSize                            = 4194304                                   {product} {ergonomic}
   size_t MaxHeapSize                              = 3164602368                                {product} {ergonomic}
   size_t MaxNewSize                               = 1897922560                                {product} {ergonomic}
   size_t MinHeapDeltaBytes                        = 2097152                                   {product} {ergonomic}
   size_t MinHeapSize                              = 8388608                                   {product} {ergonomic}
    uintx NonNMethodCodeHeapSize                   = 5839372                                {pd product} {ergonomic}
    uintx NonProfiledCodeHeapSize                  = 122909434                              {pd product} {ergonomic}
    uintx ProfiledCodeHeapSize                     = 122909434                              {pd product} {ergonomic}
    uintx ReservedCodeCacheSize                    = 251658240                              {pd product} {ergonomic}
     bool SegmentedCodeCache                       = true                                      {product} {ergonomic}
   size_t SoftMaxHeapSize                          = 3164602368                             {manageable} {ergonomic}
     bool UseCompressedClassPointers               = true                           {product lp64_product} {ergonomic}
     bool UseCompressedOops                        = true                           {product lp64_product} {ergonomic}
     bool UseG1GC                                  = true                                      {product} {ergonomic}
     bool UseLargePagesIndividualAllocation        = false                                  {pd product} {ergonomic}

Logging:
Log output configuration:
 #0: stdout all=warning uptime,level,tags
 #1: stderr all=off uptime,level,tags

Environment Variables:
JAVA_HOME=C:\Program Files\Java\jdk-17.0.2
PATH=C:\oraclexe\app\oracle\product\11.2.0\server\bin;C:\Program Files\Common Files\Oracle\Java\javapath;C:\Program Files (x86)\Common Files\Oracle\Java\javapath;C:\Program Files (x86)\Falcon\MinGW\bin;C:\Windows\system32;C:\Windows;C:\Windows\System32\Wbem;C:\Windows\System32\WindowsPowerShell\v1.0\;C:\Windows\System32\OpenSSH\;C:\Program Files\gradle-7.4.1\bin;C:\Program Files\Git\cmd;C:\Program Files\MATLAB\R2023a\runtime\win64;C:\Program Files\MATLAB\R2023a\bin;C:\Program Files\dotnet\;C:\Program Files (x86)\Windows Kits\10\Windows Performance Toolkit\;C:\Users\malan\AppData\Local\Microsoft\WindowsApps;C:\Users\malan\AppData\Local\GitHubDesktop\bin;C:\Program Files\JetBrains\IntelliJ IDEA Community Edition 2022.3\bin;;C:\Users\malan\.dotnet\tools
USERNAME=malan
OS=Windows_NT
PROCESSOR_IDENTIFIER=Intel64 Family 6 Model 140 Stepping 1, GenuineIntel



---------------  S Y S T E M  ---------------

OS:
 Windows 10 , 64 bit Build 19041 (10.0.19041.3636)
OS uptime: 4 days 1:00 hours

CPU: total 8 (initial active 8) (4 cores per cpu, 2 threads per core) family 6 model 140 stepping 1 microcode 0x8a, cx8, cmov, fxsr, ht, mmx, 3dnowpref, sse, sse2, sse3, ssse3, sse4.1, sse4.2, popcnt, lzcnt, tsc, tscinvbit, avx, avx2, aes, erms, clmul, bmi1, bmi2, adx, avx512f, avx512dq, avx512cd, avx512bw, avx512vl, sha, fma, vzeroupper, avx512_vpopcntdq, avx512_vpclmulqdq, avx512_vaes, avx512_vnni, clflush, clflushopt, clwb, avx512_vbmi2, avx512_vbmi

Memory: 4k page, system-wide physical 12067M (1823M free)
TotalPageFile size 12067M (AvailPageFile size 0M)
current process WorkingSet (physical memory assigned to process): 110M, peak: 110M
current process commit charge ("private bytes"): 313M, peak: 313M

vm_info: OpenJDK 64-Bit Server VM (17.0.2+8-86) for windows-amd64 JRE (17.0.2+8-86), built on Dec  7 2021 21:49:10 by "mach5one" with MS VC++ 16.8 / 16.9 (VS2019)

END.
