#
# There is insufficient memory for the Java Runtime Environment to continue.
# Native memory allocation (malloc) failed to allocate 163168 bytes for Chunk::new
# Possible reasons:
#   The system is out of physical RAM or swap space
#   The process is running with CompressedOops enabled, and the Java Heap may be blocking the growth of the native heap
# Possible solutions:
#   Reduce memory load on the system
#   Increase physical memory or swap space
#   Check if swap backing store is full
#   Decrease Java heap size (-Xmx/-Xms)
#   Decrease number of Java threads
#   Decrease Java thread stack sizes (-Xss)
#   Set larger code cache with -XX:ReservedCodeCacheSize=
#   JVM is running with Zero Based Compressed Oops mode in which the Java heap is
#     placed in the first 32GB address space. The Java Heap base address is the
#     maximum limit for the native heap growth. Please use -XX:HeapBaseMinAddress
#     to set the Java Heap base and to place the Java Heap above 32GB virtual address.
# This output file may be truncated or incomplete.
#
#  Out of Memory Error (arena.cpp:189), pid=20180, tid=2272
#
# JRE version: OpenJDK Runtime Environment (17.0.2+8) (build 17.0.2+8-86)
# Java VM: OpenJDK 64-Bit Server VM (17.0.2+8-86, mixed mode, sharing, tiered, compressed oops, compressed class ptrs, g1 gc, windows-amd64)
# No core dump will be written. Minidumps are not enabled by default on client versions of Windows
#

---------------  S U M M A R Y ------------

Command Line: -javaagent:C:\Program Files\JetBrains\IntelliJ IDEA Community Edition 2022.3\lib\idea_rt.jar=62860:C:\Program Files\JetBrains\IntelliJ IDEA Community Edition 2022.3\bin -Dfile.encoding=UTF-8 Main

Host: 11th Gen Intel(R) Core(TM) i5-1135G7 @ 2.40GHz, 8 cores, 11G,  Windows 10 , 64 bit Build 19041 (10.0.19041.3636)
Time: Wed Jan 10 14:48:30 2024  Windows 10 , 64 bit Build 19041 (10.0.19041.3636) elapsed time: 0.089058 seconds (0d 0h 0m 0s)

---------------  T H R E A D  ---------------

Current thread (0x0000025bd531ee00):  JavaThread "C2 CompilerThread0" daemon [_thread_in_native, id=2272, stack(0x0000005d15800000,0x0000005d15900000)]


Current CompileTask:
C2:     89  142       4       java.util.HashMap::putVal (300 bytes)

Stack: [0x0000005d15800000,0x0000005d15900000]
Native frames: (J=compiled Java code, j=interpreted, Vv=VM code, C=native code)
V  [jvm.dll+0x670baa]
V  [jvm.dll+0x7cfcb4]
V  [jvm.dll+0x7d145e]
V  [jvm.dll+0x7d1ac3]
V  [jvm.dll+0x242bc5]
V  [jvm.dll+0xaa57b]
V  [jvm.dll+0xaab0c]
V  [jvm.dll+0x35fd07]
V  [jvm.dll+0x32a331]
V  [jvm.dll+0x3297da]
V  [jvm.dll+0x215c91]
V  [jvm.dll+0x2150b1]
V  [jvm.dll+0x1a1bbd]
V  [jvm.dll+0x224908]
V  [jvm.dll+0x222a6c]
V  [jvm.dll+0x7859bb]
V  [jvm.dll+0x77ff7a]
V  [jvm.dll+0x66fa35]
C  [ucrtbase.dll+0x21bb2]
C  [KERNEL32.DLL+0x17344]
C  [ntdll.dll+0x526b1]


---------------  P R O C E S S  ---------------

Threads class SMR info:
_java_thread_list=0x0000025bd5df97e0, length=12, elements={
0x0000025bb4d0e220, 0x0000025bd52ee4c0, 0x0000025bd52f1e30, 0x0000025bd530c140,
0x0000025bd530cb00, 0x0000025bd5311280, 0x0000025bd53123d0, 0x0000025bd531ee00,
0x0000025bd5324020, 0x0000025bd5313190, 0x0000025bd5d74d30, 0x0000025bd5ec43f0
}

Java Threads: ( => current thread )
  0x0000025bb4d0e220 JavaThread "main" [_thread_in_vm, id=13560, stack(0x0000005d14b00000,0x0000005d14c00000)]
  0x0000025bd52ee4c0 JavaThread "Reference Handler" daemon [_thread_blocked, id=18668, stack(0x0000005d15200000,0x0000005d15300000)]
  0x0000025bd52f1e30 JavaThread "Finalizer" daemon [_thread_blocked, id=17780, stack(0x0000005d15300000,0x0000005d15400000)]
  0x0000025bd530c140 JavaThread "Signal Dispatcher" daemon [_thread_blocked, id=16400, stack(0x0000005d15400000,0x0000005d15500000)]
  0x0000025bd530cb00 JavaThread "Attach Listener" daemon [_thread_blocked, id=9464, stack(0x0000005d15500000,0x0000005d15600000)]
  0x0000025bd5311280 JavaThread "Service Thread" daemon [_thread_blocked, id=12376, stack(0x0000005d15600000,0x0000005d15700000)]
  0x0000025bd53123d0 JavaThread "Monitor Deflation Thread" daemon [_thread_blocked, id=20868, stack(0x0000005d15700000,0x0000005d15800000)]
=>0x0000025bd531ee00 JavaThread "C2 CompilerThread0" daemon [_thread_in_native, id=2272, stack(0x0000005d15800000,0x0000005d15900000)]
  0x0000025bd5324020 JavaThread "C1 CompilerThread0" daemon [_thread_in_native, id=6672, stack(0x0000005d15900000,0x0000005d15a00000)]
  0x0000025bd5313190 JavaThread "Sweeper thread" daemon [_thread_blocked, id=9640, stack(0x0000005d15a00000,0x0000005d15b00000)]
  0x0000025bd5d74d30 JavaThread "Common-Cleaner" daemon [_thread_blocked, id=12728, stack(0x0000005d15b00000,0x0000005d15c00000)]
  0x0000025bd5ec43f0 JavaThread "C2 CompilerThread1" daemon [_thread_in_native, id=2460, stack(0x0000005d15c00000,0x0000005d15d00000)]

Other Threads:
  0x0000025bd52e9280 VMThread "VM Thread" [stack: 0x0000005d15100000,0x0000005d15200000] [id=20336]
  0x0000025bb4d52390 GCTaskThread "GC Thread#0" [stack: 0x0000005d14c00000,0x0000005d14d00000] [id=16660]
  0x0000025bb4d5ef60 ConcurrentGCThread "G1 Main Marker" [stack: 0x0000005d14d00000,0x0000005d14e00000] [id=11952]
  0x0000025bb4d5f970 ConcurrentGCThread "G1 Conc#0" [stack: 0x0000005d14e00000,0x0000005d14f00000] [id=13748]
  0x0000025bb4dd4270 ConcurrentGCThread "G1 Refine#0" [stack: 0x0000005d14f00000,0x0000005d15000000] [id=20244]
  0x0000025bb4dd4c90 ConcurrentGCThread "G1 Service" [stack: 0x0000005d15000000,0x0000005d15100000] [id=9616]

Threads with active compile tasks:
C2 CompilerThread0      103  142       4       java.util.HashMap::putVal (300 bytes)
C1 CompilerThread0      103  167   !   3       java.util.zip.ZipFile$Source::checkAndAddEntry (209 bytes)
C2 CompilerThread1      103  177       4       java.util.zip.ZipCoder$UTF8ZipCoder::checkedHash (91 bytes)

VM state: not at safepoint (normal execution)

VM Mutex/Monitor currently owned by a thread: None

OutOfMemory and StackOverflow Exception counts:
OutOfMemoryError java_heap_errors=1

Heap address: 0x0000000743600000, size: 3018 MB, Compressed Oops mode: Zero based, Oop shift amount: 3

CDS archive(s) mapped at: [0x0000000800000000-0x0000000800bc0000-0x0000000800bc0000), size 12320768, SharedBaseAddress: 0x0000000800000000, ArchiveRelocationMode: 0.
Compressed class space mapped at: 0x0000000800c00000-0x0000000840c00000, reserved size: 1073741824
Narrow klass base: 0x0000000800000000, Narrow klass shift: 0, Narrow klass range: 0x100000000

GC Precious Log:
 CPUs: 8 total, 8 available
 Memory: 12067M
 Large Page Support: Disabled
 NUMA Support: Disabled
 Compressed Oops: Enabled (Zero based)
 Heap Region Size: 2M
 Heap Min Capacity: 8M
 Heap Initial Capacity: 190M
 Heap Max Capacity: 3018M
 Pre-touch: Disabled
 Parallel Workers: 8
 Concurrent Workers: 2
 Concurrent Refinement Workers: 8
 Periodic GC: Disabled

Heap:
 garbage-first heap   total 194560K, used 2048K [0x0000000743600000, 0x0000000800000000)
  region size 2048K, 2 young (4096K), 0 survivors (0K)
 Metaspace       used 327K, committed 512K, reserved 1056768K
  class space    used 15K, committed 128K, reserved 1048576K

Heap Regions: E=young(eden), S=young(survivor), O=old, HS=humongous(starts), HC=humongous(continues), CS=collection set, F=free, OA=open archive, CA=closed archive, TAMS=top-at-mark-start (previous, next)
|   0|0x0000000743600000, 0x0000000743600000, 0x0000000743800000|  0%| F|  |TAMS 0x0000000743600000, 0x0000000743600000| Untracked 
|   1|0x0000000743800000, 0x0000000743800000, 0x0000000743a00000|  0%| F|  |TAMS 0x0000000743800000, 0x0000000743800000| Untracked 
|   2|0x0000000743a00000, 0x0000000743a00000, 0x0000000743c00000|  0%| F|  |TAMS 0x0000000743a00000, 0x0000000743a00000| Untracked 
|   3|0x0000000743c00000, 0x0000000743c00000, 0x0000000743e00000|  0%| F|  |TAMS 0x0000000743c00000, 0x0000000743c00000| Untracked 
|   4|0x0000000743e00000, 0x0000000743e00000, 0x0000000744000000|  0%| F|  |TAMS 0x0000000743e00000, 0x0000000743e00000| Untracked 
|   5|0x0000000744000000, 0x0000000744000000, 0x0000000744200000|  0%| F|  |TAMS 0x0000000744000000, 0x0000000744000000| Untracked 
|   6|0x0000000744200000, 0x0000000744200000, 0x0000000744400000|  0%| F|  |TAMS 0x0000000744200000, 0x0000000744200000| Untracked 
|   7|0x0000000744400000, 0x0000000744400000, 0x0000000744600000|  0%| F|  |TAMS 0x0000000744400000, 0x0000000744400000| Untracked 
|   8|0x0000000744600000, 0x0000000744600000, 0x0000000744800000|  0%| F|  |TAMS 0x0000000744600000, 0x0000000744600000| Untracked 
|   9|0x0000000744800000, 0x0000000744800000, 0x0000000744a00000|  0%| F|  |TAMS 0x0000000744800000, 0x0000000744800000| Untracked 
|  10|0x0000000744a00000, 0x0000000744a00000, 0x0000000744c00000|  0%| F|  |TAMS 0x0000000744a00000, 0x0000000744a00000| Untracked 
|  11|0x0000000744c00000, 0x0000000744c00000, 0x0000000744e00000|  0%| F|  |TAMS 0x0000000744c00000, 0x0000000744c00000| Untracked 
|  12|0x0000000744e00000, 0x0000000744e00000, 0x0000000745000000|  0%| F|  |TAMS 0x0000000744e00000, 0x0000000744e00000| Untracked 
|  13|0x0000000745000000, 0x0000000745000000, 0x0000000745200000|  0%| F|  |TAMS 0x0000000745000000, 0x0000000745000000| Untracked 
|  14|0x0000000745200000, 0x0000000745200000, 0x0000000745400000|  0%| F|  |TAMS 0x0000000745200000, 0x0000000745200000| Untracked 
|  15|0x0000000745400000, 0x0000000745400000, 0x0000000745600000|  0%| F|  |TAMS 0x0000000745400000, 0x0000000745400000| Untracked 
|  16|0x0000000745600000, 0x0000000745600000, 0x0000000745800000|  0%| F|  |TAMS 0x0000000745600000, 0x0000000745600000| Untracked 
|  17|0x0000000745800000, 0x0000000745800000, 0x0000000745a00000|  0%| F|  |TAMS 0x0000000745800000, 0x0000000745800000| Untracked 
|  18|0x0000000745a00000, 0x0000000745a00000, 0x0000000745c00000|  0%| F|  |TAMS 0x0000000745a00000, 0x0000000745a00000| Untracked 
|  19|0x0000000745c00000, 0x0000000745c00000, 0x0000000745e00000|  0%| F|  |TAMS 0x0000000745c00000, 0x0000000745c00000| Untracked 
|  20|0x0000000745e00000, 0x0000000745e00000, 0x0000000746000000|  0%| F|  |TAMS 0x0000000745e00000, 0x0000000745e00000| Untracked 
|  21|0x0000000746000000, 0x0000000746000000, 0x0000000746200000|  0%| F|  |TAMS 0x0000000746000000, 0x0000000746000000| Untracked 
|  22|0x0000000746200000, 0x0000000746200000, 0x0000000746400000|  0%| F|  |TAMS 0x0000000746200000, 0x0000000746200000| Untracked 
|  23|0x0000000746400000, 0x0000000746400000, 0x0000000746600000|  0%| F|  |TAMS 0x0000000746400000, 0x0000000746400000| Untracked 
|  24|0x0000000746600000, 0x0000000746600000, 0x0000000746800000|  0%| F|  |TAMS 0x0000000746600000, 0x0000000746600000| Untracked 
|  25|0x0000000746800000, 0x0000000746800000, 0x0000000746a00000|  0%| F|  |TAMS 0x0000000746800000, 0x0000000746800000| Untracked 
|  26|0x0000000746a00000, 0x0000000746a00000, 0x0000000746c00000|  0%| F|  |TAMS 0x0000000746a00000, 0x0000000746a00000| Untracked 
|  27|0x0000000746c00000, 0x0000000746c00000, 0x0000000746e00000|  0%| F|  |TAMS 0x0000000746c00000, 0x0000000746c00000| Untracked 
|  28|0x0000000746e00000, 0x0000000746e00000, 0x0000000747000000|  0%| F|  |TAMS 0x0000000746e00000, 0x0000000746e00000| Untracked 
|  29|0x0000000747000000, 0x0000000747000000, 0x0000000747200000|  0%| F|  |TAMS 0x0000000747000000, 0x0000000747000000| Untracked 
|  30|0x0000000747200000, 0x0000000747200000, 0x0000000747400000|  0%| F|  |TAMS 0x0000000747200000, 0x0000000747200000| Untracked 
|  31|0x0000000747400000, 0x0000000747400000, 0x0000000747600000|  0%| F|  |TAMS 0x0000000747400000, 0x0000000747400000| Untracked 
|  32|0x0000000747600000, 0x0000000747600000, 0x0000000747800000|  0%| F|  |TAMS 0x0000000747600000, 0x0000000747600000| Untracked 
|  33|0x0000000747800000, 0x0000000747800000, 0x0000000747a00000|  0%| F|  |TAMS 0x0000000747800000, 0x0000000747800000| Untracked 
|  34|0x0000000747a00000, 0x0000000747a00000, 0x0000000747c00000|  0%| F|  |TAMS 0x0000000747a00000, 0x0000000747a00000| Untracked 
|  35|0x0000000747c00000, 0x0000000747c00000, 0x0000000747e00000|  0%| F|  |TAMS 0x0000000747c00000, 0x0000000747c00000| Untracked 
|  36|0x0000000747e00000, 0x0000000747e00000, 0x0000000748000000|  0%| F|  |TAMS 0x0000000747e00000, 0x0000000747e00000| Untracked 
|  37|0x0000000748000000, 0x0000000748000000, 0x0000000748200000|  0%| F|  |TAMS 0x0000000748000000, 0x0000000748000000| Untracked 
|  38|0x0000000748200000, 0x0000000748200000, 0x0000000748400000|  0%| F|  |TAMS 0x0000000748200000, 0x0000000748200000| Untracked 
|  39|0x0000000748400000, 0x0000000748400000, 0x0000000748600000|  0%| F|  |TAMS 0x0000000748400000, 0x0000000748400000| Untracked 
|  40|0x0000000748600000, 0x0000000748600000, 0x0000000748800000|  0%| F|  |TAMS 0x0000000748600000, 0x0000000748600000| Untracked 
|  41|0x0000000748800000, 0x0000000748800000, 0x0000000748a00000|  0%| F|  |TAMS 0x0000000748800000, 0x0000000748800000| Untracked 
|  42|0x0000000748a00000, 0x0000000748a00000, 0x0000000748c00000|  0%| F|  |TAMS 0x0000000748a00000, 0x0000000748a00000| Untracked 
|  43|0x0000000748c00000, 0x0000000748c00000, 0x0000000748e00000|  0%| F|  |TAMS 0x0000000748c00000, 0x0000000748c00000| Untracked 
|  44|0x0000000748e00000, 0x0000000748e00000, 0x0000000749000000|  0%| F|  |TAMS 0x0000000748e00000, 0x0000000748e00000| Untracked 
|  45|0x0000000749000000, 0x0000000749000000, 0x0000000749200000|  0%| F|  |TAMS 0x0000000749000000, 0x0000000749000000| Untracked 
|  46|0x0000000749200000, 0x0000000749200000, 0x0000000749400000|  0%| F|  |TAMS 0x0000000749200000, 0x0000000749200000| Untracked 
|  47|0x0000000749400000, 0x0000000749400000, 0x0000000749600000|  0%| F|  |TAMS 0x0000000749400000, 0x0000000749400000| Untracked 
|  48|0x0000000749600000, 0x0000000749600000, 0x0000000749800000|  0%| F|  |TAMS 0x0000000749600000, 0x0000000749600000| Untracked 
|  49|0x0000000749800000, 0x0000000749800000, 0x0000000749a00000|  0%| F|  |TAMS 0x0000000749800000, 0x0000000749800000| Untracked 
|  50|0x0000000749a00000, 0x0000000749a00000, 0x0000000749c00000|  0%| F|  |TAMS 0x0000000749a00000, 0x0000000749a00000| Untracked 
|  51|0x0000000749c00000, 0x0000000749c00000, 0x0000000749e00000|  0%| F|  |TAMS 0x0000000749c00000, 0x0000000749c00000| Untracked 
|  52|0x0000000749e00000, 0x0000000749e00000, 0x000000074a000000|  0%| F|  |TAMS 0x0000000749e00000, 0x0000000749e00000| Untracked 
|  53|0x000000074a000000, 0x000000074a000000, 0x000000074a200000|  0%| F|  |TAMS 0x000000074a000000, 0x000000074a000000| Untracked 
|  54|0x000000074a200000, 0x000000074a200000, 0x000000074a400000|  0%| F|  |TAMS 0x000000074a200000, 0x000000074a200000| Untracked 
|  55|0x000000074a400000, 0x000000074a400000, 0x000000074a600000|  0%| F|  |TAMS 0x000000074a400000, 0x000000074a400000| Untracked 
|  56|0x000000074a600000, 0x000000074a600000, 0x000000074a800000|  0%| F|  |TAMS 0x000000074a600000, 0x000000074a600000| Untracked 
|  57|0x000000074a800000, 0x000000074a800000, 0x000000074aa00000|  0%| F|  |TAMS 0x000000074a800000, 0x000000074a800000| Untracked 
|  58|0x000000074aa00000, 0x000000074aa00000, 0x000000074ac00000|  0%| F|  |TAMS 0x000000074aa00000, 0x000000074aa00000| Untracked 
|  59|0x000000074ac00000, 0x000000074ac00000, 0x000000074ae00000|  0%| F|  |TAMS 0x000000074ac00000, 0x000000074ac00000| Untracked 
|  60|0x000000074ae00000, 0x000000074ae00000, 0x000000074b000000|  0%| F|  |TAMS 0x000000074ae00000, 0x000000074ae00000| Untracked 
|  61|0x000000074b000000, 0x000000074b000000, 0x000000074b200000|  0%| F|  |TAMS 0x000000074b000000, 0x000000074b000000| Untracked 
|  62|0x000000074b200000, 0x000000074b200000, 0x000000074b400000|  0%| F|  |TAMS 0x000000074b200000, 0x000000074b200000| Untracked 
|  63|0x000000074b400000, 0x000000074b400000, 0x000000074b600000|  0%| F|  |TAMS 0x000000074b400000, 0x000000074b400000| Untracked 
|  64|0x000000074b600000, 0x000000074b600000, 0x000000074b800000|  0%| F|  |TAMS 0x000000074b600000, 0x000000074b600000| Untracked 
|  65|0x000000074b800000, 0x000000074b800000, 0x000000074ba00000|  0%| F|  |TAMS 0x000000074b800000, 0x000000074b800000| Untracked 
|  66|0x000000074ba00000, 0x000000074ba00000, 0x000000074bc00000|  0%| F|  |TAMS 0x000000074ba00000, 0x000000074ba00000| Untracked 
|  67|0x000000074bc00000, 0x000000074bc00000, 0x000000074be00000|  0%| F|  |TAMS 0x000000074bc00000, 0x000000074bc00000| Untracked 
|  68|0x000000074be00000, 0x000000074be00000, 0x000000074c000000|  0%| F|  |TAMS 0x000000074be00000, 0x000000074be00000| Untracked 
|  69|0x000000074c000000, 0x000000074c000000, 0x000000074c200000|  0%| F|  |TAMS 0x000000074c000000, 0x000000074c000000| Untracked 
|  70|0x000000074c200000, 0x000000074c200000, 0x000000074c400000|  0%| F|  |TAMS 0x000000074c200000, 0x000000074c200000| Untracked 
|  71|0x000000074c400000, 0x000000074c400000, 0x000000074c600000|  0%| F|  |TAMS 0x000000074c400000, 0x000000074c400000| Untracked 
|  72|0x000000074c600000, 0x000000074c600000, 0x000000074c800000|  0%| F|  |TAMS 0x000000074c600000, 0x000000074c600000| Untracked 
|  73|0x000000074c800000, 0x000000074c800000, 0x000000074ca00000|  0%| F|  |TAMS 0x000000074c800000, 0x000000074c800000| Untracked 
|  74|0x000000074ca00000, 0x000000074ca00000, 0x000000074cc00000|  0%| F|  |TAMS 0x000000074ca00000, 0x000000074ca00000| Untracked 
|  75|0x000000074cc00000, 0x000000074cc00000, 0x000000074ce00000|  0%| F|  |TAMS 0x000000074cc00000, 0x000000074cc00000| Untracked 
|  76|0x000000074ce00000, 0x000000074ce00000, 0x000000074d000000|  0%| F|  |TAMS 0x000000074ce00000, 0x000000074ce00000| Untracked 
|  77|0x000000074d000000, 0x000000074d000000, 0x000000074d200000|  0%| F|  |TAMS 0x000000074d000000, 0x000000074d000000| Untracked 
|  78|0x000000074d200000, 0x000000074d200000, 0x000000074d400000|  0%| F|  |TAMS 0x000000074d200000, 0x000000074d200000| Untracked 
|  79|0x000000074d400000, 0x000000074d400000, 0x000000074d600000|  0%| F|  |TAMS 0x000000074d400000, 0x000000074d400000| Untracked 
|  80|0x000000074d600000, 0x000000074d600000, 0x000000074d800000|  0%| F|  |TAMS 0x000000074d600000, 0x000000074d600000| Untracked 
|  81|0x000000074d800000, 0x000000074d800000, 0x000000074da00000|  0%| F|  |TAMS 0x000000074d800000, 0x000000074d800000| Untracked 
|  82|0x000000074da00000, 0x000000074da00000, 0x000000074dc00000|  0%| F|  |TAMS 0x000000074da00000, 0x000000074da00000| Untracked 
|  83|0x000000074dc00000, 0x000000074dc00000, 0x000000074de00000|  0%| F|  |TAMS 0x000000074dc00000, 0x000000074dc00000| Untracked 
|  84|0x000000074de00000, 0x000000074de00000, 0x000000074e000000|  0%| F|  |TAMS 0x000000074de00000, 0x000000074de00000| Untracked 
|  85|0x000000074e000000, 0x000000074e000000, 0x000000074e200000|  0%| F|  |TAMS 0x000000074e000000, 0x000000074e000000| Untracked 
|  86|0x000000074e200000, 0x000000074e200000, 0x000000074e400000|  0%| F|  |TAMS 0x000000074e200000, 0x000000074e200000| Untracked 
|  87|0x000000074e400000, 0x000000074e400000, 0x000000074e600000|  0%| F|  |TAMS 0x000000074e400000, 0x000000074e400000| Untracked 
|  88|0x000000074e600000, 0x000000074e600000, 0x000000074e800000|  0%| F|  |TAMS 0x000000074e600000, 0x000000074e600000| Untracked 
|  89|0x000000074e800000, 0x000000074e800000, 0x000000074ea00000|  0%| F|  |TAMS 0x000000074e800000, 0x000000074e800000| Untracked 
|  90|0x000000074ea00000, 0x000000074ea00000, 0x000000074ec00000|  0%| F|  |TAMS 0x000000074ea00000, 0x000000074ea00000| Untracked 
|  91|0x000000074ec00000, 0x000000074ec00000, 0x000000074ee00000|  0%| F|  |TAMS 0x000000074ec00000, 0x000000074ec00000| Untracked 
|  92|0x000000074ee00000, 0x000000074ee00000, 0x000000074f000000|  0%| F|  |TAMS 0x000000074ee00000, 0x000000074ee00000| Untracked 
|  93|0x000000074f000000, 0x000000074f0712a8, 0x000000074f200000| 22%| E|  |TAMS 0x000000074f000000, 0x000000074f000000| Complete 
|  94|0x000000074f200000, 0x000000074f400000, 0x000000074f400000|100%| E|CS|TAMS 0x000000074f200000, 0x000000074f200000| Complete 

Card table byte_map: [0x0000025bcbe90000,0x0000025bcc480000] _byte_map_base: 0x0000025bc8475000

Marking Bits (Prev, Next): (CMBitMap*) 0x0000025bb4d529a0, (CMBitMap*) 0x0000025bb4d529e0
 Prev Bits: [0x0000025bcca70000, 0x0000025bcf998000)
 Next Bits: [0x0000025bcf9a0000, 0x0000025bd28c8000)

Polling page: 0x0000025bb2ca0000

Metaspace:

Usage:
  Non-class:    312.66 KB used.
      Class:     15.01 KB used.
       Both:    327.66 KB used.

Virtual space:
  Non-class space:        8.00 MB reserved,     384.00 KB (  5%) committed,  1 nodes.
      Class space:        1.00 GB reserved,     128.00 KB ( <1%) committed,  1 nodes.
             Both:        1.01 GB reserved,     512.00 KB ( <1%) committed. 

Chunk freelists:
   Non-Class:  4.00 MB
       Class:  3.75 MB
        Both:  7.75 MB

MaxMetaspaceSize: unlimited
CompressedClassSpaceSize: 1.00 GB
Initial GC threshold: 21.00 MB
Current GC threshold: 21.00 MB
CDS: on
MetaspaceReclaimPolicy: balanced
 - commit_granule_bytes: 65536.
 - commit_granule_words: 8192.
 - virtual_space_node_default_size: 1048576.
 - enlarge_chunks_in_place: 1.
 - new_chunks_are_fully_committed: 0.
 - uncommit_free_chunks: 1.
 - use_allocation_guard: 0.
 - handle_deallocations: 1.


Internal statistics:

num_allocs_failed_limit: 0.
num_arena_births: 4.
num_arena_deaths: 0.
num_vsnodes_births: 2.
num_vsnodes_deaths: 0.
num_space_committed: 8.
num_space_uncommitted: 0.
num_chunks_returned_to_freelist: 0.
num_chunks_taken_from_freelist: 5.
num_chunk_merges: 0.
num_chunk_splits: 2.
num_chunks_enlarged: 1.
num_purges: 0.
num_inconsistent_stats: 0.

CodeHeap 'non-profiled nmethods': size=120000Kb used=46Kb max_used=46Kb free=119953Kb
 bounds [0x0000025bc4030000, 0x0000025bc42a0000, 0x0000025bcb560000]
CodeHeap 'profiled nmethods': size=120000Kb used=193Kb max_used=193Kb free=119806Kb
 bounds [0x0000025bbcb00000, 0x0000025bbcd70000, 0x0000025bc4030000]
CodeHeap 'non-nmethods': size=5760Kb used=1106Kb max_used=1106Kb free=4653Kb
 bounds [0x0000025bbc560000, 0x0000025bbc7d0000, 0x0000025bbcb00000]
 total_blobs=536 nmethods=168 adapters=281
 compilation: enabled
              stopped_count=0, restarted_count=0
 full_count=0

Compilation events (20 events):
Event: 0.083 Thread 0x0000025bd5324020  163       3       java.util.zip.ZipCoder$UTF8ZipCoder::checkedHash (91 bytes)
Event: 0.083 Thread 0x0000025bd5324020 nmethod 163 0x0000025bbcb2d390 code [0x0000025bbcb2d580, 0x0000025bbcb2d998]
Event: 0.083 Thread 0x0000025bd5324020  166       3       java.util.zip.ZipUtils::LG (22 bytes)
Event: 0.083 Thread 0x0000025bd5324020 nmethod 166 0x0000025bbcb2db90 code [0x0000025bbcb2dd40, 0x0000025bbcb2dfb8]
Event: 0.083 Thread 0x0000025bd5324020  164       1       java.util.zip.ZipCoder$UTF8ZipCoder::isUTF8 (2 bytes)
Event: 0.083 Thread 0x0000025bd5324020 nmethod 164 0x0000025bc403b810 code [0x0000025bc403b9a0, 0x0000025bc403ba78]
Event: 0.083 Thread 0x0000025bd5324020  171       3       java.util.zip.ZipUtils::CENNAM (9 bytes)
Event: 0.083 Thread 0x0000025bd5324020 nmethod 171 0x0000025bbcb2e110 code [0x0000025bbcb2e2a0, 0x0000025bbcb2e458]
Event: 0.083 Thread 0x0000025bd5324020  175       3       java.util.zip.ZipUtils::CENCOM (9 bytes)
Event: 0.084 Thread 0x0000025bd5324020 nmethod 175 0x0000025bbcb2e590 code [0x0000025bbcb2e720, 0x0000025bbcb2e8d8]
Event: 0.084 Thread 0x0000025bd5324020  176       3       java.util.zip.ZipUtils::CENEXT (9 bytes)
Event: 0.084 Thread 0x0000025bd5324020 nmethod 176 0x0000025bbcb2ea10 code [0x0000025bbcb2eba0, 0x0000025bbcb2ed58]
Event: 0.084 Thread 0x0000025bd5324020  172       3       java.util.zip.ZipFile$Source::zipCoderForPos (39 bytes)
Event: 0.084 Thread 0x0000025bd5324020 nmethod 172 0x0000025bbcb2ee90 code [0x0000025bbcb2f060, 0x0000025bbcb2f468]
Event: 0.084 Thread 0x0000025bd5324020  173       3       java.util.zip.ZipFile$Source::isMetaName (141 bytes)
Event: 0.084 Thread 0x0000025bd5ec43f0  177       4       java.util.zip.ZipCoder$UTF8ZipCoder::checkedHash (91 bytes)
Event: 0.084 Thread 0x0000025bd5324020 nmethod 173 0x0000025bbcb2f610 code [0x0000025bbcb2f7c0, 0x0000025bbcb2fcd8]
Event: 0.084 Thread 0x0000025bd5324020  174       3       java.util.zip.ZipFile$Source::nextEntryPos (22 bytes)
Event: 0.084 Thread 0x0000025bd5324020 nmethod 174 0x0000025bbcb2fe90 code [0x0000025bbcb30040, 0x0000025bbcb30378]
Event: 0.084 Thread 0x0000025bd5324020  167   !   3       java.util.zip.ZipFile$Source::checkAndAddEntry (209 bytes)

GC Heap History (0 events):
No events

Deoptimization events (0 events):
No events

Classes unloaded (0 events):
No events

Classes redefined (0 events):
No events

Internal exceptions (1 events):
Event: 0.086 Thread 0x0000025bb4d0e220 Exception <a 'java/lang/OutOfMemoryError'{0x000000074f054840}> (0x000000074f054840) 
thrown [t:\workspace\open\src\hotspot\share\prims\jni.cpp, line 535]

VM Operations (2 events):
Event: 0.063 Executing VM operation: HandshakeAllThreads
Event: 0.064 Executing VM operation: HandshakeAllThreads done

Events (20 events):
Event: 0.055 Thread 0x0000025bd5d74d30 Thread added: 0x0000025bd5d74d30
Event: 0.073 Loaded shared library C:\Users\malan\.jdks\openjdk-17.0.2\bin\zip.dll
Event: 0.073 loading class sun/instrument/InstrumentationImpl
Event: 0.073 loading class java/lang/instrument/Instrumentation
Event: 0.073 loading class java/lang/instrument/Instrumentation done
Event: 0.073 loading class sun/instrument/InstrumentationImpl done
Event: 0.074 Loaded shared library C:\Users\malan\.jdks\openjdk-17.0.2\bin\instrument.dll
Event: 0.074 loading class sun/instrument/TransformerManager
Event: 0.074 loading class sun/instrument/TransformerManager done
Event: 0.074 loading class sun/instrument/TransformerManager$TransformerInfo
Event: 0.074 loading class sun/instrument/TransformerManager$TransformerInfo done
Event: 0.075 loading class jdk/internal/loader/URLClassPath$FileLoader
Event: 0.075 loading class jdk/internal/loader/URLClassPath$FileLoader done
Event: 0.075 loading class sun/nio/cs/UTF_8$Decoder
Event: 0.075 loading class sun/nio/cs/UTF_8$Decoder done
Event: 0.080 Loaded shared library C:\Users\malan\.jdks\openjdk-17.0.2\bin\net.dll
Event: 0.082 Loaded shared library C:\Users\malan\.jdks\openjdk-17.0.2\bin\nio.dll
Event: 0.084 Thread 0x0000025bd5ec43f0 Thread added: 0x0000025bd5ec43f0
Event: 0.086 Loaded shared library C:\Users\malan\.jdks\openjdk-17.0.2\bin\zip.dll
Event: 0.086 loading class java/util/zip/DataFormatException


Dynamic libraries:
0x00007ff6cf570000 - 0x00007ff6cf57e000 	C:\Users\malan\.jdks\openjdk-17.0.2\bin\java.exe
0x00007ff9833d0000 - 0x00007ff9835c8000 	C:\Windows\SYSTEM32\ntdll.dll
0x00007ff982070000 - 0x00007ff98212d000 	C:\Windows\System32\KERNEL32.DLL
0x00007ff980e20000 - 0x00007ff981116000 	C:\Windows\System32\KERNELBASE.dll
0x00007ff9811d0000 - 0x00007ff9812d0000 	C:\Windows\System32\ucrtbase.dll
0x00007ff9784f0000 - 0x00007ff978508000 	C:\Users\malan\.jdks\openjdk-17.0.2\bin\jli.dll
0x00007ff9784d0000 - 0x00007ff9784ea000 	C:\Users\malan\.jdks\openjdk-17.0.2\bin\VCRUNTIME140.dll
0x00007ff982e90000 - 0x00007ff98302e000 	C:\Windows\System32\USER32.dll
0x00007ff981120000 - 0x00007ff981142000 	C:\Windows\System32\win32u.dll
0x00007ff973e50000 - 0x00007ff9740ea000 	C:\Windows\WinSxS\amd64_microsoft.windows.common-controls_6595b64144ccf1df_6.0.19041.3636_none_60b6a03d71f818d5\COMCTL32.dll
0x00007ff981d60000 - 0x00007ff981d8c000 	C:\Windows\System32\GDI32.dll
0x00007ff980c70000 - 0x00007ff980d8a000 	C:\Windows\System32\gdi32full.dll
0x00007ff983090000 - 0x00007ff98312e000 	C:\Windows\System32\msvcrt.dll
0x00007ff980ab0000 - 0x00007ff980b4d000 	C:\Windows\System32\msvcp_win.dll
0x00007ff982130000 - 0x00007ff982160000 	C:\Windows\System32\IMM32.DLL
0x00007ff979df0000 - 0x00007ff979dfc000 	C:\Users\malan\.jdks\openjdk-17.0.2\bin\vcruntime140_1.dll
0x00007ff972170000 - 0x00007ff9721fd000 	C:\Users\malan\.jdks\openjdk-17.0.2\bin\msvcp140.dll
0x00007ff93af00000 - 0x00007ff93bac1000 	C:\Users\malan\.jdks\openjdk-17.0.2\bin\server\jvm.dll
0x00007ff981430000 - 0x00007ff9814df000 	C:\Windows\System32\ADVAPI32.dll
0x00007ff9818e0000 - 0x00007ff98197c000 	C:\Windows\System32\sechost.dll
0x00007ff981600000 - 0x00007ff981726000 	C:\Windows\System32\RPCRT4.dll
0x00007ff9826d0000 - 0x00007ff9826d8000 	C:\Windows\System32\PSAPI.DLL
0x00007ff965ee0000 - 0x00007ff965ee9000 	C:\Windows\SYSTEM32\WSOCK32.dll
0x00007ff977070000 - 0x00007ff97707a000 	C:\Windows\SYSTEM32\VERSION.dll
0x00007ff9825d0000 - 0x00007ff98263b000 	C:\Windows\System32\WS2_32.dll
0x00007ff9669f0000 - 0x00007ff966a17000 	C:\Windows\SYSTEM32\WINMM.dll
0x00007ff97f300000 - 0x00007ff97f312000 	C:\Windows\SYSTEM32\kernel.appcore.dll
0x00007ff9784c0000 - 0x00007ff9784ca000 	C:\Users\malan\.jdks\openjdk-17.0.2\bin\jimage.dll
0x00007ff97f020000 - 0x00007ff97f204000 	C:\Windows\SYSTEM32\DBGHELP.DLL
0x00007ff976030000 - 0x00007ff976064000 	C:\Windows\SYSTEM32\dbgcore.DLL
0x00007ff980d90000 - 0x00007ff980e12000 	C:\Windows\System32\bcryptPrimitives.dll
0x00007ff9750f0000 - 0x00007ff9750fe000 	C:\Users\malan\.jdks\openjdk-17.0.2\bin\instrument.dll
0x00007ff9720c0000 - 0x00007ff9720e5000 	C:\Users\malan\.jdks\openjdk-17.0.2\bin\java.dll
0x00007ff969980000 - 0x00007ff969a56000 	C:\Users\malan\.jdks\openjdk-17.0.2\bin\jsvml.dll
0x00007ff9826e0000 - 0x00007ff982e25000 	C:\Windows\System32\SHELL32.dll
0x00007ff97e880000 - 0x00007ff97f01b000 	C:\Windows\SYSTEM32\windows.storage.dll
0x00007ff981a00000 - 0x00007ff981d54000 	C:\Windows\System32\combase.dll
0x00007ff9804f0000 - 0x00007ff98051d000 	C:\Windows\SYSTEM32\Wldp.dll
0x00007ff983130000 - 0x00007ff9831dd000 	C:\Windows\System32\SHCORE.dll
0x00007ff982e30000 - 0x00007ff982e85000 	C:\Windows\System32\shlwapi.dll
0x00007ff9809e0000 - 0x00007ff980a05000 	C:\Windows\SYSTEM32\profapi.dll
0x00007ff9750d0000 - 0x00007ff9750e8000 	C:\Users\malan\.jdks\openjdk-17.0.2\bin\zip.dll
0x00007ff974a10000 - 0x00007ff974a29000 	C:\Users\malan\.jdks\openjdk-17.0.2\bin\net.dll
0x00007ff979500000 - 0x00007ff97960a000 	C:\Windows\SYSTEM32\WINHTTP.dll
0x00007ff980250000 - 0x00007ff9802ba000 	C:\Windows\system32\mswsock.dll
0x00007ff973c40000 - 0x00007ff973c56000 	C:\Users\malan\.jdks\openjdk-17.0.2\bin\nio.dll

dbghelp: loaded successfully - version: 4.0.5 - missing functions: none
symbol engine: initialized successfully - sym options: 0x614 - pdb path: .;C:\Users\malan\.jdks\openjdk-17.0.2\bin;C:\Windows\SYSTEM32;C:\Windows\WinSxS\amd64_microsoft.windows.common-controls_6595b64144ccf1df_6.0.19041.3636_none_60b6a03d71f818d5;C:\Users\malan\.jdks\openjdk-17.0.2\bin\server

VM Arguments:
jvm_args: -javaagent:C:\Program Files\JetBrains\IntelliJ IDEA Community Edition 2022.3\lib\idea_rt.jar=62860:C:\Program Files\JetBrains\IntelliJ IDEA Community Edition 2022.3\bin -Dfile.encoding=UTF-8 
java_command: Main
java_class_path (initial): C:\Users\malan\Desktop\studia\5 sem\bazy danych\MichalPropozycja\out\production\MichalPropozycja;C:\Users\malan\Desktop\studia\5 sem\bazy danych\MichalPropozycja\DatabaseApp\out\production\DatabaseApp\lib\ojdbc8.jar;C:\Users\malan\Desktop\studia\5 sem\bazy danych\MichalPropozycja\DatabaseApp\out\production\DatabaseApp\lib\ojdbc11.jar;C:\Users\malan\Desktop\studia\5 sem\bazy danych\MichalPropozycja\DatabaseApp\src\lib\ojdbc8.jar;C:\Users\malan\Desktop\studia\5 sem\bazy danych\MichalPropozycja\DatabaseApp\src\lib\ojdbc11.jar
Launcher Type: SUN_STANDARD

[Global flags]
     intx CICompilerCount                          = 4                                         {product} {ergonomic}
     uint ConcGCThreads                            = 2                                         {product} {ergonomic}
     uint G1ConcRefinementThreads                  = 8                                         {product} {ergonomic}
   size_t G1HeapRegionSize                         = 2097152                                   {product} {ergonomic}
    uintx GCDrainStackTargetSize                   = 64                                        {product} {ergonomic}
   size_t InitialHeapSize                          = 199229440                                 {product} {ergonomic}
   size_t MarkStackSize                            = 4194304                                   {product} {ergonomic}
   size_t MaxHeapSize                              = 3164602368                                {product} {ergonomic}
   size_t MaxNewSize                               = 1897922560                                {product} {ergonomic}
   size_t MinHeapDeltaBytes                        = 2097152                                   {product} {ergonomic}
   size_t MinHeapSize                              = 8388608                                   {product} {ergonomic}
    uintx NonNMethodCodeHeapSize                   = 5839372                                {pd product} {ergonomic}
    uintx NonProfiledCodeHeapSize                  = 122909434                              {pd product} {ergonomic}
    uintx ProfiledCodeHeapSize                     = 122909434                              {pd product} {ergonomic}
    uintx ReservedCodeCacheSize                    = 251658240                              {pd product} {ergonomic}
     bool SegmentedCodeCache                       = true                                      {product} {ergonomic}
   size_t SoftMaxHeapSize                          = 3164602368                             {manageable} {ergonomic}
     bool UseCompressedClassPointers               = true                           {product lp64_product} {ergonomic}
     bool UseCompressedOops                        = true                           {product lp64_product} {ergonomic}
     bool UseG1GC                                  = true                                      {product} {ergonomic}
     bool UseLargePagesIndividualAllocation        = false                                  {pd product} {ergonomic}

Logging:
Log output configuration:
 #0: stdout all=warning uptime,level,tags
 #1: stderr all=off uptime,level,tags

Environment Variables:
JAVA_HOME=C:\Program Files\Java\jdk-17.0.2
PATH=C:\oraclexe\app\oracle\product\11.2.0\server\bin;C:\Program Files\Common Files\Oracle\Java\javapath;C:\Program Files (x86)\Common Files\Oracle\Java\javapath;C:\Program Files (x86)\Falcon\MinGW\bin;C:\Windows\system32;C:\Windows;C:\Windows\System32\Wbem;C:\Windows\System32\WindowsPowerShell\v1.0\;C:\Windows\System32\OpenSSH\;C:\Program Files\gradle-7.4.1\bin;C:\Program Files\Git\cmd;C:\Program Files\MATLAB\R2023a\runtime\win64;C:\Program Files\MATLAB\R2023a\bin;C:\Program Files\dotnet\;C:\Program Files (x86)\Windows Kits\10\Windows Performance Toolkit\;C:\Users\malan\AppData\Local\Microsoft\WindowsApps;C:\Users\malan\AppData\Local\GitHubDesktop\bin;C:\Program Files\JetBrains\IntelliJ IDEA Community Edition 2022.3\bin;;C:\Users\malan\.dotnet\tools
USERNAME=malan
OS=Windows_NT
PROCESSOR_IDENTIFIER=Intel64 Family 6 Model 140 Stepping 1, GenuineIntel



---------------  S Y S T E M  ---------------

OS:
 Windows 10 , 64 bit Build 19041 (10.0.19041.3636)
OS uptime: 27 days 19:11 hours

CPU: total 8 (initial active 8) (4 cores per cpu, 2 threads per core) family 6 model 140 stepping 1 microcode 0x8a, cx8, cmov, fxsr, ht, mmx, 3dnowpref, sse, sse2, sse3, ssse3, sse4.1, sse4.2, popcnt, lzcnt, tsc, tscinvbit, avx, avx2, aes, erms, clmul, bmi1, bmi2, adx, avx512f, avx512dq, avx512cd, avx512bw, avx512vl, sha, fma, vzeroupper, avx512_vpopcntdq, avx512_vpclmulqdq, avx512_vaes, avx512_vnni, clflush, clflushopt, clwb, avx512_vbmi2, avx512_vbmi

Memory: 4k page, system-wide physical 12067M (1974M free)
TotalPageFile size 12067M (AvailPageFile size 279M)
current process WorkingSet (physical memory assigned to process): 32M, peak: 32M
current process commit charge ("private bytes"): 275M, peak: 275M

vm_info: OpenJDK 64-Bit Server VM (17.0.2+8-86) for windows-amd64 JRE (17.0.2+8-86), built on Dec  7 2021 21:49:10 by "mach5one" with MS VC++ 16.8 / 16.9 (VS2019)

END.
