#
# There is insufficient memory for the Java Runtime Environment to continue.
# Native memory allocation (mmap) failed to map 199229440 bytes for G1 virtual space
# Possible reasons:
#   The system is out of physical RAM or swap space
#   The process is running with CompressedOops enabled, and the Java Heap may be blocking the growth of the native heap
# Possible solutions:
#   Reduce memory load on the system
#   Increase physical memory or swap space
#   Check if swap backing store is full
#   Decrease Java heap size (-Xmx/-Xms)
#   Decrease number of Java threads
#   Decrease Java thread stack sizes (-Xss)
#   Set larger code cache with -XX:ReservedCodeCacheSize=
#   JVM is running with Zero Based Compressed Oops mode in which the Java heap is
#     placed in the first 32GB address space. The Java Heap base address is the
#     maximum limit for the native heap growth. Please use -XX:HeapBaseMinAddress
#     to set the Java Heap base and to place the Java Heap above 32GB virtual address.
# This output file may be truncated or incomplete.
#
#  Out of Memory Error (os_windows.cpp:3532), pid=14064, tid=12840
#
# JRE version:  (17.0.2+8) (build )
# Java VM: OpenJDK 64-Bit Server VM (17.0.2+8-86, mixed mode, sharing, tiered, compressed oops, compressed class ptrs, g1 gc, windows-amd64)
# No core dump will be written. Minidumps are not enabled by default on client versions of Windows
#

---------------  S U M M A R Y ------------

Command Line: -javaagent:C:\Program Files\JetBrains\IntelliJ IDEA Community Edition 2022.3\lib\idea_rt.jar=55956:C:\Program Files\JetBrains\IntelliJ IDEA Community Edition 2022.3\bin -Dfile.encoding=UTF-8 Main

Host: 11th Gen Intel(R) Core(TM) i5-1135G7 @ 2.40GHz, 8 cores, 11G,  Windows 10 , 64 bit Build 19041 (10.0.19041.3636)
Time: Sun Jan 14 14:43:41 2024  Windows 10 , 64 bit Build 19041 (10.0.19041.3636) elapsed time: 0.019858 seconds (0d 0h 0m 0s)

---------------  T H R E A D  ---------------

Current thread (0x000001948e2bb1a0):  JavaThread "Unknown thread" [_thread_in_vm, id=12840, stack(0x0000001e6d800000,0x0000001e6d900000)]

Stack: [0x0000001e6d800000,0x0000001e6d900000]
Native frames: (J=compiled Java code, j=interpreted, Vv=VM code, C=native code)
V  [jvm.dll+0x670baa]
V  [jvm.dll+0x7cfcb4]
V  [jvm.dll+0x7d145e]
V  [jvm.dll+0x7d1ac3]
V  [jvm.dll+0x242bc5]
V  [jvm.dll+0x66dac9]
V  [jvm.dll+0x662412]
V  [jvm.dll+0x300c0b]
V  [jvm.dll+0x3081a6]
V  [jvm.dll+0x357d0e]
V  [jvm.dll+0x357f3f]
V  [jvm.dll+0x2d7ec8]
V  [jvm.dll+0x2d8e34]
V  [jvm.dll+0x7a18c1]
V  [jvm.dll+0x365a91]
V  [jvm.dll+0x780d2c]
V  [jvm.dll+0x3e845f]
V  [jvm.dll+0x3e9f01]
C  [jli.dll+0x527b]
C  [ucrtbase.dll+0x21bb2]
C  [KERNEL32.DLL+0x17344]
C  [ntdll.dll+0x526b1]


---------------  P R O C E S S  ---------------

Threads class SMR info:
_java_thread_list=0x00007ff8793c9858, length=0, elements={
}

Java Threads: ( => current thread )

Other Threads:
  0x000001948e2feae0 GCTaskThread "GC Thread#0" [stack: 0x0000001e6d900000,0x0000001e6da00000] [id=12944]
  0x000001948e308780 ConcurrentGCThread "G1 Main Marker" [stack: 0x0000001e6da00000,0x0000001e6db00000] [id=14680]
  0x000001948e309190 ConcurrentGCThread "G1 Conc#0" [stack: 0x0000001e6db00000,0x0000001e6dc00000] [id=3752]

[error occurred during error reporting (printing all threads), id 0xc0000005, EXCEPTION_ACCESS_VIOLATION (0xc0000005) at pc=0x00007ff878c188a7]

VM state: not at safepoint (not fully initialized)

VM Mutex/Monitor currently owned by a thread:  ([mutex/lock_event])
[0x000001948e2b88b0] Heap_lock - owner thread: 0x000001948e2bb1a0

Heap address: 0x0000000743600000, size: 3018 MB, Compressed Oops mode: Zero based, Oop shift amount: 3

CDS archive(s) mapped at: [0x0000000000000000-0x0000000000000000-0x0000000000000000), size 0, SharedBaseAddress: 0x0000000800000000, ArchiveRelocationMode: 0.
Narrow klass base: 0x0000000000000000, Narrow klass shift: 0, Narrow klass range: 0x0

GC Precious Log:
<Empty>

Heap:
 garbage-first heap   total 0K, used 0K [0x0000000743600000, 0x0000000800000000)
  region size 2048K, 0 young (0K), 0 survivors (0K)

[error occurred during error reporting (printing heap information), id 0xc0000005, EXCEPTION_ACCESS_VIOLATION (0xc0000005) at pc=0x00007ff878ff9f19]

GC Heap History (0 events):
No events

Deoptimization events (0 events):
No events

Classes unloaded (0 events):
No events

Classes redefined (0 events):
No events

Internal exceptions (0 events):
No events

VM Operations (0 events):
No events

Events (1 events):
Event: 0.006 Loaded shared library C:\Users\malan\.jdks\openjdk-17.0.2\bin\java.dll


Dynamic libraries:
0x00007ff78cf60000 - 0x00007ff78cf6e000 	C:\Users\malan\.jdks\openjdk-17.0.2\bin\java.exe
0x00007ff8b7530000 - 0x00007ff8b7728000 	C:\Windows\SYSTEM32\ntdll.dll
0x00007ff8b5660000 - 0x00007ff8b571d000 	C:\Windows\System32\KERNEL32.DLL
0x00007ff8b4cb0000 - 0x00007ff8b4fa6000 	C:\Windows\System32\KERNELBASE.dll
0x00007ff8b5160000 - 0x00007ff8b5260000 	C:\Windows\System32\ucrtbase.dll
0x00007ff8aad90000 - 0x00007ff8aadaa000 	C:\Users\malan\.jdks\openjdk-17.0.2\bin\VCRUNTIME140.dll
0x00007ff8ab9c0000 - 0x00007ff8ab9d8000 	C:\Users\malan\.jdks\openjdk-17.0.2\bin\jli.dll
0x00007ff8b6990000 - 0x00007ff8b6b2e000 	C:\Windows\System32\USER32.dll
0x00007ff8a7960000 - 0x00007ff8a7bfa000 	C:\Windows\WinSxS\amd64_microsoft.windows.common-controls_6595b64144ccf1df_6.0.19041.3636_none_60b6a03d71f818d5\COMCTL32.dll
0x00007ff8b5130000 - 0x00007ff8b5152000 	C:\Windows\System32\win32u.dll
0x00007ff8b5630000 - 0x00007ff8b565c000 	C:\Windows\System32\GDI32.dll
0x00007ff8b59a0000 - 0x00007ff8b5a3e000 	C:\Windows\System32\msvcrt.dll
0x00007ff8b5460000 - 0x00007ff8b557a000 	C:\Windows\System32\gdi32full.dll
0x00007ff8b5260000 - 0x00007ff8b52fd000 	C:\Windows\System32\msvcp_win.dll
0x00007ff8b6c10000 - 0x00007ff8b6c40000 	C:\Windows\System32\IMM32.DLL
0x00007ff8adf40000 - 0x00007ff8adf4c000 	C:\Users\malan\.jdks\openjdk-17.0.2\bin\vcruntime140_1.dll
0x00007ff898630000 - 0x00007ff8986bd000 	C:\Users\malan\.jdks\openjdk-17.0.2\bin\msvcp140.dll
0x00007ff878930000 - 0x00007ff8794f1000 	C:\Users\malan\.jdks\openjdk-17.0.2\bin\server\jvm.dll
0x00007ff8b7210000 - 0x00007ff8b72c3000 	C:\Windows\System32\ADVAPI32.dll
0x00007ff8b5bf0000 - 0x00007ff8b5c8f000 	C:\Windows\System32\sechost.dll
0x00007ff8b6100000 - 0x00007ff8b6226000 	C:\Windows\System32\RPCRT4.dll
0x00007ff8b4fb0000 - 0x00007ff8b4fd7000 	C:\Windows\System32\bcrypt.dll
0x00007ff8b5bd0000 - 0x00007ff8b5bd8000 	C:\Windows\System32\PSAPI.DLL
0x00007ff895520000 - 0x00007ff895529000 	C:\Windows\SYSTEM32\WSOCK32.dll
0x00007ff894650000 - 0x00007ff894677000 	C:\Windows\SYSTEM32\WINMM.dll
0x00007ff8b71a0000 - 0x00007ff8b720b000 	C:\Windows\System32\WS2_32.dll
0x00007ff8aadb0000 - 0x00007ff8aadba000 	C:\Windows\SYSTEM32\VERSION.dll
0x00007ff8b3440000 - 0x00007ff8b3452000 	C:\Windows\SYSTEM32\kernel.appcore.dll
0x00007ff8aded0000 - 0x00007ff8adeda000 	C:\Users\malan\.jdks\openjdk-17.0.2\bin\jimage.dll
0x00007ff8b3170000 - 0x00007ff8b3354000 	C:\Windows\SYSTEM32\DBGHELP.DLL
0x00007ff89fea0000 - 0x00007ff89fed4000 	C:\Windows\SYSTEM32\dbgcore.DLL
0x00007ff8b4fe0000 - 0x00007ff8b5062000 	C:\Windows\System32\bcryptPrimitives.dll
0x00007ff8acf50000 - 0x00007ff8acf5e000 	C:\Users\malan\.jdks\openjdk-17.0.2\bin\instrument.dll
0x00007ff8a77f0000 - 0x00007ff8a7815000 	C:\Users\malan\.jdks\openjdk-17.0.2\bin\java.dll

dbghelp: loaded successfully - version: 4.0.5 - missing functions: none
symbol engine: initialized successfully - sym options: 0x614 - pdb path: .;C:\Users\malan\.jdks\openjdk-17.0.2\bin;C:\Windows\SYSTEM32;C:\Windows\WinSxS\amd64_microsoft.windows.common-controls_6595b64144ccf1df_6.0.19041.3636_none_60b6a03d71f818d5;C:\Users\malan\.jdks\openjdk-17.0.2\bin\server

VM Arguments:
jvm_args: -javaagent:C:\Program Files\JetBrains\IntelliJ IDEA Community Edition 2022.3\lib\idea_rt.jar=55956:C:\Program Files\JetBrains\IntelliJ IDEA Community Edition 2022.3\bin -Dfile.encoding=UTF-8 
java_command: Main
java_class_path (initial): C:\Users\malan\Desktop\studia\5 sem\bazy danych\MichalPropozycja\out\production\MichalPropozycja;C:\Users\malan\Desktop\studia\5 sem\bazy danych\MichalPropozycja\DatabaseApp\out\production\DatabaseApp\lib\ojdbc8.jar;C:\Users\malan\Desktop\studia\5 sem\bazy danych\MichalPropozycja\DatabaseApp\out\production\DatabaseApp\lib\ojdbc11.jar;C:\Users\malan\Desktop\studia\5 sem\bazy danych\MichalPropozycja\DatabaseApp\src\lib\ojdbc8.jar;C:\Users\malan\Desktop\studia\5 sem\bazy danych\MichalPropozycja\DatabaseApp\src\lib\ojdbc11.jar
Launcher Type: SUN_STANDARD

[Global flags]
     intx CICompilerCount                          = 4                                         {product} {ergonomic}
     uint ConcGCThreads                            = 2                                         {product} {ergonomic}
     uint G1ConcRefinementThreads                  = 8                                         {product} {ergonomic}
   size_t G1HeapRegionSize                         = 2097152                                   {product} {ergonomic}
    uintx GCDrainStackTargetSize                   = 64                                        {product} {ergonomic}
   size_t InitialHeapSize                          = 199229440                                 {product} {ergonomic}
   size_t MarkStackSize                            = 4194304                                   {product} {ergonomic}
   size_t MaxHeapSize                              = 3164602368                                {product} {ergonomic}
   size_t MinHeapDeltaBytes                        = 2097152                                   {product} {ergonomic}
   size_t MinHeapSize                              = 8388608                                   {product} {ergonomic}
    uintx NonNMethodCodeHeapSize                   = 5839372                                {pd product} {ergonomic}
    uintx NonProfiledCodeHeapSize                  = 122909434                              {pd product} {ergonomic}
    uintx ProfiledCodeHeapSize                     = 122909434                              {pd product} {ergonomic}
    uintx ReservedCodeCacheSize                    = 251658240                              {pd product} {ergonomic}
     bool SegmentedCodeCache                       = true                                      {product} {ergonomic}
   size_t SoftMaxHeapSize                          = 3164602368                             {manageable} {ergonomic}
     bool UseCompressedClassPointers               = true                           {product lp64_product} {ergonomic}
     bool UseCompressedOops                        = true                           {product lp64_product} {ergonomic}
     bool UseG1GC                                  = true                                      {product} {ergonomic}
     bool UseLargePagesIndividualAllocation        = false                                  {pd product} {ergonomic}

Logging:
Log output configuration:
 #0: stdout all=warning uptime,level,tags
 #1: stderr all=off uptime,level,tags

Environment Variables:
JAVA_HOME=C:\Program Files\Java\jdk-17.0.2
PATH=C:\oraclexe\app\oracle\product\11.2.0\server\bin;C:\Program Files\Common Files\Oracle\Java\javapath;C:\Program Files (x86)\Common Files\Oracle\Java\javapath;C:\Program Files (x86)\Falcon\MinGW\bin;C:\Windows\system32;C:\Windows;C:\Windows\System32\Wbem;C:\Windows\System32\WindowsPowerShell\v1.0\;C:\Windows\System32\OpenSSH\;C:\Program Files\gradle-7.4.1\bin;C:\Program Files\Git\cmd;C:\Program Files\MATLAB\R2023a\runtime\win64;C:\Program Files\MATLAB\R2023a\bin;C:\Program Files\dotnet\;C:\Program Files (x86)\Windows Kits\10\Windows Performance Toolkit\;C:\Users\malan\AppData\Local\Microsoft\WindowsApps;C:\Users\malan\AppData\Local\GitHubDesktop\bin;C:\Program Files\JetBrains\IntelliJ IDEA Community Edition 2022.3\bin;;C:\Users\malan\.dotnet\tools
USERNAME=malan
OS=Windows_NT
PROCESSOR_IDENTIFIER=Intel64 Family 6 Model 140 Stepping 1, GenuineIntel



---------------  S Y S T E M  ---------------

OS:
 Windows 10 , 64 bit Build 19041 (10.0.19041.3636)
OS uptime: 3 days 20:23 hours

CPU: total 8 (initial active 8) (4 cores per cpu, 2 threads per core) family 6 model 140 stepping 1 microcode 0x8a, cx8, cmov, fxsr, ht, mmx, 3dnowpref, sse, sse2, sse3, ssse3, sse4.1, sse4.2, popcnt, lzcnt, tsc, tscinvbit, avx, avx2, aes, erms, clmul, bmi1, bmi2, adx, avx512f, avx512dq, avx512cd, avx512bw, avx512vl, sha, fma, vzeroupper, avx512_vpopcntdq, avx512_vpclmulqdq, avx512_vaes, avx512_vnni, clflush, clflushopt, clwb, avx512_vbmi2, avx512_vbmi

Memory: 4k page, system-wide physical 12067M (1266M free)
TotalPageFile size 12067M (AvailPageFile size 173M)
current process WorkingSet (physical memory assigned to process): 11M, peak: 11M
current process commit charge ("private bytes"): 60M, peak: 249M

vm_info: OpenJDK 64-Bit Server VM (17.0.2+8-86) for windows-amd64 JRE (17.0.2+8-86), built on Dec  7 2021 21:49:10 by "mach5one" with MS VC++ 16.8 / 16.9 (VS2019)

END.
